
========================================================================================================

              888888ba                              a88888b. dP                         dP            
              88    '8b                            d8'   '88 88                         88            
              88     88 dP    dP 88d888b. .d8888b. 88        88 .d8888b. dP    dP .d888b88            
              88     88 88    88 88'  '88 88'  '88 88        88 88'  '88 88    88 88'  '88            
              88    .8P 88.  .88 88    88 88.  .88 Y8.   .88 88 88.  .88 88.  .88 88.  .88            
              8888888P  '8888P88 dP    dP '88888P'  Y88888P' dP '88888P' '88888P' '88888P8            
                             .88                                                                      
                         d8888P                                                                       

========================================================================================================
Server Host: AEGONAR-G750JX, program location path: /home/agonar/DynoCloud/Git/DynoCloud/Java/
--------------------------------------------------------------------------------------------------------
   ___                      ___                          
  / _ \ _  _ ___ _  _ ___  |   \ __ _ ___ _ __  ___ _ _  
 | (_) | || / -_) || / -_) | |) / _' / -_) '  \/ _ \ ' \ 
  \__\_\_,_\___|\_,_\___| |___/\__,_\___|_|_|_\___/_||_|
                                                         
--------------------------------------------------------------------------------------------------------
Start Program com.dynocloud.node.queue.Daemon
--------------------------------------------------------------------------------------------------------
MQTT host: 192.168.0.199
Server MQTT host: dynocare.xyz
There was an exception, script stopping

========================================================================================================

              888888ba                              a88888b. dP                         dP            
              88    '8b                            d8'   '88 88                         88            
              88     88 dP    dP 88d888b. .d8888b. 88        88 .d8888b. dP    dP .d888b88            
              88     88 88    88 88'  '88 88'  '88 88        88 88'  '88 88    88 88'  '88            
              88    .8P 88.  .88 88    88 88.  .88 Y8.   .88 88 88.  .88 88.  .88 88.  .88            
              8888888P  '8888P88 dP    dP '88888P'  Y88888P' dP '88888P' '88888P' '88888P8            
                             .88                                                                      
                         d8888P                                                                       

========================================================================================================
Server Host: AEGONAR-G750JX, program location path: /home/agonar/DynoCloud/Git/DynoCloud/Java/
--------------------------------------------------------------------------------------------------------
   ___                      ___                          
  / _ \ _  _ ___ _  _ ___  |   \ __ _ ___ _ __  ___ _ _  
 | (_) | || / -_) || / -_) | |) / _' / -_) '  \/ _ \ ' \ 
  \__\_\_,_\___|\_,_\___| |___/\__,_\___|_|_|_\___/_||_|
                                                         
--------------------------------------------------------------------------------------------------------
Start Program com.dynocloud.node.queue.Daemon
--------------------------------------------------------------------------------------------------------
MQTT host: 192.168.0.199
Server MQTT host: dynocare.xyz
There was an exception, script stopping

========================================================================================================

              888888ba                              a88888b. dP                         dP            
              88    '8b                            d8'   '88 88                         88            
              88     88 dP    dP 88d888b. .d8888b. 88        88 .d8888b. dP    dP .d888b88            
              88     88 88    88 88'  '88 88'  '88 88        88 88'  '88 88    88 88'  '88            
              88    .8P 88.  .88 88    88 88.  .88 Y8.   .88 88 88.  .88 88.  .88 88.  .88            
              8888888P  '8888P88 dP    dP '88888P'  Y88888P' dP '88888P' '88888P' '88888P8            
                             .88                                                                      
                         d8888P                                                                       

========================================================================================================
Server Host: AEGONAR-G750JX, program location path: /home/agonar/DynoCloud/Git/DynoCloud/Java/
--------------------------------------------------------------------------------------------------------
   ___                      ___                          
  / _ \ _  _ ___ _  _ ___  |   \ __ _ ___ _ __  ___ _ _  
 | (_) | || / -_) || / -_) | |) / _' / -_) '  \/ _ \ ' \ 
  \__\_\_,_\___|\_,_\___| |___/\__,_\___|_|_|_\___/_||_|
                                                         
--------------------------------------------------------------------------------------------------------
Start Program com.dynocloud.node.queue.Daemon
--------------------------------------------------------------------------------------------------------
MQTT host: 192.168.0.199
Server MQTT host: dynocare.xyz
There was an exception, script stopping

========================================================================================================

              888888ba                              a88888b. dP                         dP            
              88    '8b                            d8'   '88 88                         88            
              88     88 dP    dP 88d888b. .d8888b. 88        88 .d8888b. dP    dP .d888b88            
              88     88 88    88 88'  '88 88'  '88 88        88 88'  '88 88    88 88'  '88            
              88    .8P 88.  .88 88    88 88.  .88 Y8.   .88 88 88.  .88 88.  .88 88.  .88            
              8888888P  '8888P88 dP    dP '88888P'  Y88888P' dP '88888P' '88888P' '88888P8            
                             .88                                                                      
                         d8888P                                                                       

========================================================================================================
Server Host: AEGONAR-G750JX, program location path: /home/agonar/DynoCloud/Git/DynoCloud/Java/
--------------------------------------------------------------------------------------------------------
   ___                      ___                          
  / _ \ _  _ ___ _  _ ___  |   \ __ _ ___ _ __  ___ _ _  
 | (_) | || / -_) || / -_) | |) / _' / -_) '  \/ _ \ ' \ 
  \__\_\_,_\___|\_,_\___| |___/\__,_\___|_|_|_\___/_||_|
                                                         
--------------------------------------------------------------------------------------------------------
Start Program com.dynocloud.node.queue.Daemon
--------------------------------------------------------------------------------------------------------
MQTT host: 192.168.0.199
Server MQTT host: dynocare.xyz

========================================================================================================

              888888ba                              a88888b. dP                         dP            
              88    '8b                            d8'   '88 88                         88            
              88     88 dP    dP 88d888b. .d8888b. 88        88 .d8888b. dP    dP .d888b88            
              88     88 88    88 88'  '88 88'  '88 88        88 88'  '88 88    88 88'  '88            
              88    .8P 88.  .88 88    88 88.  .88 Y8.   .88 88 88.  .88 88.  .88 88.  .88            
              8888888P  '8888P88 dP    dP '88888P'  Y88888P' dP '88888P' '88888P' '88888P8            
                             .88                                                                      
                         d8888P                                                                       

========================================================================================================
Server Host: AEGONAR-G750JX, program location path: /home/agonar/DynoCloud/Git/DynoCloud/Java/
--------------------------------------------------------------------------------------------------------
   ___                      ___                          
  / _ \ _  _ ___ _  _ ___  |   \ __ _ ___ _ __  ___ _ _  
 | (_) | || / -_) || / -_) | |) / _' / -_) '  \/ _ \ ' \ 
  \__\_\_,_\___|\_,_\___| |___/\__,_\___|_|_|_\___/_||_|
                                                         
--------------------------------------------------------------------------------------------------------
Start Program com.dynocloud.node.queue.Daemon
--------------------------------------------------------------------------------------------------------
MQTT host: 192.168.0.199
Server MQTT host: dynocare.xyz
There was an exception, script stopping

========================================================================================================

              888888ba                              a88888b. dP                         dP            
              88    '8b                            d8'   '88 88                         88            
              88     88 dP    dP 88d888b. .d8888b. 88        88 .d8888b. dP    dP .d888b88            
              88     88 88    88 88'  '88 88'  '88 88        88 88'  '88 88    88 88'  '88            
              88    .8P 88.  .88 88    88 88.  .88 Y8.   .88 88 88.  .88 88.  .88 88.  .88            
              8888888P  '8888P88 dP    dP '88888P'  Y88888P' dP '88888P' '88888P' '88888P8            
                             .88                                                                      
                         d8888P                                                                       

========================================================================================================
Server Host: AEGONAR-G750JX, program location path: /home/agonar/DynoCloud/Git/DynoCloud/Java/
--------------------------------------------------------------------------------------------------------
   ___                      ___                          
  / _ \ _  _ ___ _  _ ___  |   \ __ _ ___ _ __  ___ _ _  
 | (_) | || / -_) || / -_) | |) / _' / -_) '  \/ _ \ ' \ 
  \__\_\_,_\___|\_,_\___| |___/\__,_\___|_|_|_\___/_||_|
                                                         
--------------------------------------------------------------------------------------------------------
Start Program com.dynocloud.node.queue.Daemon
--------------------------------------------------------------------------------------------------------
MQTT host: 192.168.0.199
Server MQTT host: dynocare.xyz
There was an exception, script stopping

========================================================================================================

              888888ba                              a88888b. dP                         dP            
              88    '8b                            d8'   '88 88                         88            
              88     88 dP    dP 88d888b. .d8888b. 88        88 .d8888b. dP    dP .d888b88            
              88     88 88    88 88'  '88 88'  '88 88        88 88'  '88 88    88 88'  '88            
              88    .8P 88.  .88 88    88 88.  .88 Y8.   .88 88 88.  .88 88.  .88 88.  .88            
              8888888P  '8888P88 dP    dP '88888P'  Y88888P' dP '88888P' '88888P' '88888P8            
                             .88                                                                      
                         d8888P                                                                       

========================================================================================================
Server Host: AEGONAR-G750JX, program location path: /home/agonar/DynoCloud/Git/DynoCloud/Java/
--------------------------------------------------------------------------------------------------------
   ___                      ___                          
  / _ \ _  _ ___ _  _ ___  |   \ __ _ ___ _ __  ___ _ _  
 | (_) | || / -_) || / -_) | |) / _' / -_) '  \/ _ \ ' \ 
  \__\_\_,_\___|\_,_\___| |___/\__,_\___|_|_|_\___/_||_|
                                                         
--------------------------------------------------------------------------------------------------------
Start Program com.dynocloud.node.queue.Daemon
--------------------------------------------------------------------------------------------------------
MQTT host: 192.168.0.199
Server MQTT host: dynocare.xyz
There was an exception, script stopping

========================================================================================================

              888888ba                              a88888b. dP                         dP            
              88    '8b                            d8'   '88 88                         88            
              88     88 dP    dP 88d888b. .d8888b. 88        88 .d8888b. dP    dP .d888b88            
              88     88 88    88 88'  '88 88'  '88 88        88 88'  '88 88    88 88'  '88            
              88    .8P 88.  .88 88    88 88.  .88 Y8.   .88 88 88.  .88 88.  .88 88.  .88            
              8888888P  '8888P88 dP    dP '88888P'  Y88888P' dP '88888P' '88888P' '88888P8            
                             .88                                                                      
                         d8888P                                                                       

========================================================================================================
Server Host: AEGONAR-G750JX, program location path: /home/agonar/DynoCloud/Git/DynoCloud/Java/
--------------------------------------------------------------------------------------------------------
   ___                      ___                          
  / _ \ _  _ ___ _  _ ___  |   \ __ _ ___ _ __  ___ _ _  
 | (_) | || / -_) || / -_) | |) / _' / -_) '  \/ _ \ ' \ 
  \__\_\\_,_\___|\_,_\___| |___/\__,_\___|_|_|_\___/_||_|
                                                         
--------------------------------------------------------------------------------------------------------
Start Program com.dynocloud.node.queue.Daemon
--------------------------------------------------------------------------------------------------------
MQTT host: 192.168.0.199
Server MQTT host: dynocare.xyz

========================================================================================================

              888888ba                              a88888b. dP                         dP            
              88    '8b                            d8'   '88 88                         88            
              88     88 dP    dP 88d888b. .d8888b. 88        88 .d8888b. dP    dP .d888b88            
              88     88 88    88 88'  '88 88'  '88 88        88 88'  '88 88    88 88'  '88            
              88    .8P 88.  .88 88    88 88.  .88 Y8.   .88 88 88.  .88 88.  .88 88.  .88            
              8888888P  '8888P88 dP    dP '88888P'  Y88888P' dP '88888P' '88888P' '88888P8            
                             .88                                                                      
                         d8888P                                                                       

========================================================================================================
Server Host: AEGONAR-G750JX, program location path: /home/agonar/DynoCloud/Git/DynoCloud/Java/
--------------------------------------------------------------------------------------------------------
   ___                      ___                          
  / _ \ _  _ ___ _  _ ___  |   \ __ _ ___ _ __  ___ _ _  
 | (_) | || / -_) || / -_) | |) / _' / -_) '  \/ _ \ ' \ 
  \__\_\\_,_\___|\_,_\___| |___/\__,_\___|_|_|_\___/_||_|
                                                         
--------------------------------------------------------------------------------------------------------
Start Program com.dynocloud.node.queue.Daemon
--------------------------------------------------------------------------------------------------------
MQTT host: localhost
Server MQTT host: dynocare.xyz
Stopping Script
/home/agonar/DynoCloud/Git/DynoCloud/Daemons/QueueDaemon_CentralNode.sh: line 91: -a: command not found
Stopping Script

========================================================================================================

              888888ba                              a88888b. dP                         dP            
              88    '8b                            d8'   '88 88                         88            
              88     88 dP    dP 88d888b. .d8888b. 88        88 .d8888b. dP    dP .d888b88            
              88     88 88    88 88'  '88 88'  '88 88        88 88'  '88 88    88 88'  '88            
              88    .8P 88.  .88 88    88 88.  .88 Y8.   .88 88 88.  .88 88.  .88 88.  .88            
              8888888P  '8888P88 dP    dP '88888P'  Y88888P' dP '88888P' '88888P' '88888P8            
                             .88                                                                      
                         d8888P                                                                       

========================================================================================================
Server Host: AEGONAR-G750JX, program location path: /home/agonar/DynoCloud/Git/DynoCloud/Java/
--------------------------------------------------------------------------------------------------------
   ___                      ___                          
  / _ \ _  _ ___ _  _ ___  |   \ __ _ ___ _ __  ___ _ _  
 | (_) | || / -_) || / -_) | |) / _' / -_) '  \/ _ \ ' \ 
  \__\_\\_,_\___|\_,_\___| |___/\__,_\___|_|_|_\___/_||_|
                                                         
--------------------------------------------------------------------------------------------------------
Start Program com.dynocloud.node.queue.Daemon
--------------------------------------------------------------------------------------------------------
MQTT host: localhost
Server MQTT host: dynocare.xyz

========================================================================================================

              888888ba                              a88888b. dP                         dP            
              88    '8b                            d8'   '88 88                         88            
              88     88 dP    dP 88d888b. .d8888b. 88        88 .d8888b. dP    dP .d888b88            
              88     88 88    88 88'  '88 88'  '88 88        88 88'  '88 88    88 88'  '88            
              88    .8P 88.  .88 88    88 88.  .88 Y8.   .88 88 88.  .88 88.  .88 88.  .88            
              8888888P  '8888P88 dP    dP '88888P'  Y88888P' dP '88888P' '88888P' '88888P8            
                             .88                                                                      
                         d8888P                                                                       

========================================================================================================
Server Host: AEGONAR-G750JX, program location path: /home/agonar/DynoCloud/Git/DynoCloud/Java/
--------------------------------------------------------------------------------------------------------
   ___                      ___                          
  / _ \ _  _ ___ _  _ ___  |   \ __ _ ___ _ __  ___ _ _  
 | (_) | || / -_) || / -_) | |) / _' / -_) '  \/ _ \ ' \ 
  \__\_\\_,_\___|\_,_\___| |___/\__,_\___|_|_|_\___/_||_|
                                                         
--------------------------------------------------------------------------------------------------------
Start Program com.dynocloud.node.queue.Daemon
--------------------------------------------------------------------------------------------------------
MQTT host: localhost
Server MQTT host: dynocare.xyz
Stopping Script
Stopping Script

========================================================================================================

              888888ba                              a88888b. dP                         dP            
              88    '8b                            d8'   '88 88                         88            
              88     88 dP    dP 88d888b. .d8888b. 88        88 .d8888b. dP    dP .d888b88            
              88     88 88    88 88'  '88 88'  '88 88        88 88'  '88 88    88 88'  '88            
              88    .8P 88.  .88 88    88 88.  .88 Y8.   .88 88 88.  .88 88.  .88 88.  .88            
              8888888P  '8888P88 dP    dP '88888P'  Y88888P' dP '88888P' '88888P' '88888P8            
                             .88                                                                      
                         d8888P                                                                       

========================================================================================================
Server Host: AEGONAR-G750JX, program location path: /home/agonar/DynoCloud/Git/DynoCloud/Java/
--------------------------------------------------------------------------------------------------------
   ___                      ___                          
  / _ \ _  _ ___ _  _ ___  |   \ __ _ ___ _ __  ___ _ _  
 | (_) | || / -_) || / -_) | |) / _' / -_) '  \/ _ \ ' \ 
  \__\_\\_,_\___|\_,_\___| |___/\__,_\___|_|_|_\___/_||_|
                                                         
--------------------------------------------------------------------------------------------------------
Start Program com.dynocloud.node.queue.Daemon
--------------------------------------------------------------------------------------------------------
MQTT host: localhost
Server MQTT host: dynocare.xyz
Stopping Script

========================================================================================================

              888888ba                              a88888b. dP                         dP            
              88    '8b                            d8'   '88 88                         88            
              88     88 dP    dP 88d888b. .d8888b. 88        88 .d8888b. dP    dP .d888b88            
              88     88 88    88 88'  '88 88'  '88 88        88 88'  '88 88    88 88'  '88            
              88    .8P 88.  .88 88    88 88.  .88 Y8.   .88 88 88.  .88 88.  .88 88.  .88            
              8888888P  '8888P88 dP    dP '88888P'  Y88888P' dP '88888P' '88888P' '88888P8            
                             .88                                                                      
                         d8888P                                                                       

========================================================================================================
Server Host: AEGONAR-G750JX, program location path: /home/agonar/DynoCloud/Git/DynoCloud/Java/
--------------------------------------------------------------------------------------------------------
   ___                      ___                          
  / _ \ _  _ ___ _  _ ___  |   \ __ _ ___ _ __  ___ _ _  
 | (_) | || / -_) || / -_) | |) / _' / -_) '  \/ _ \ ' \ 
  \__\_\\_,_\___|\_,_\___| |___/\__,_\___|_|_|_\___/_||_|
                                                         
--------------------------------------------------------------------------------------------------------
Start Program com.dynocloud.node.queue.Daemon
--------------------------------------------------------------------------------------------------------
MQTT host: localhost
Server MQTT host: dynocare.xyz
Stopping Script

========================================================================================================

              888888ba                              a88888b. dP                         dP            
              88    '8b                            d8'   '88 88                         88            
              88     88 dP    dP 88d888b. .d8888b. 88        88 .d8888b. dP    dP .d888b88            
              88     88 88    88 88'  '88 88'  '88 88        88 88'  '88 88    88 88'  '88            
              88    .8P 88.  .88 88    88 88.  .88 Y8.   .88 88 88.  .88 88.  .88 88.  .88            
              8888888P  '8888P88 dP    dP '88888P'  Y88888P' dP '88888P' '88888P' '88888P8            
                             .88                                                                      
                         d8888P                                                                       

========================================================================================================
Server Host: AEGONAR-G750JX, program location path: /home/agonar/DynoCloud/Git/DynoCloud/Java/
--------------------------------------------------------------------------------------------------------
   ___                      ___                          
  / _ \ _  _ ___ _  _ ___  |   \ __ _ ___ _ __  ___ _ _  
 | (_) | || / -_) || / -_) | |) / _' / -_) '  \/ _ \ ' \ 
  \__\_\\_,_\___|\_,_\___| |___/\__,_\___|_|_|_\___/_||_|
                                                         
--------------------------------------------------------------------------------------------------------
Start Program com.dynocloud.node.queue.Daemon
--------------------------------------------------------------------------------------------------------
MQTT host: localhost
Server MQTT host: dynocare.xyz

========================================================================================================

              888888ba                              a88888b. dP                         dP            
              88    '8b                            d8'   '88 88                         88            
              88     88 dP    dP 88d888b. .d8888b. 88        88 .d8888b. dP    dP .d888b88            
              88     88 88    88 88'  '88 88'  '88 88        88 88'  '88 88    88 88'  '88            
              88    .8P 88.  .88 88    88 88.  .88 Y8.   .88 88 88.  .88 88.  .88 88.  .88            
              8888888P  '8888P88 dP    dP '88888P'  Y88888P' dP '88888P' '88888P' '88888P8            
                             .88                                                                      
                         d8888P                                                                       

========================================================================================================
Server Host: AEGONAR-G750JX, program location path: /home/agonar/DynoCloud/Git/DynoCloud/Java/
--------------------------------------------------------------------------------------------------------
   ___                      ___                          
  / _ \ _  _ ___ _  _ ___  |   \ __ _ ___ _ __  ___ _ _  
 | (_) | || / -_) || / -_) | |) / _' / -_) '  \/ _ \ ' \ 
  \__\_\\_,_\___|\_,_\___| |___/\__,_\___|_|_|_\___/_||_|
                                                         
--------------------------------------------------------------------------------------------------------
Start Program com.dynocloud.node.queue.Daemon
--------------------------------------------------------------------------------------------------------
MQTT host: localhost
Server MQTT host: dynocare.xyz
Stopping Script
Stopping Script

========================================================================================================

              888888ba                              a88888b. dP                         dP            
              88    '8b                            d8'   '88 88                         88            
              88     88 dP    dP 88d888b. .d8888b. 88        88 .d8888b. dP    dP .d888b88            
              88     88 88    88 88'  '88 88'  '88 88        88 88'  '88 88    88 88'  '88            
              88    .8P 88.  .88 88    88 88.  .88 Y8.   .88 88 88.  .88 88.  .88 88.  .88            
              8888888P  '8888P88 dP    dP '88888P'  Y88888P' dP '88888P' '88888P' '88888P8            
                             .88                                                                      
                         d8888P                                                                       

========================================================================================================
Server Host: AEGONAR-G750JX, program location path: /home/agonar/DynoCloud/Git/DynoCloud/Java/
--------------------------------------------------------------------------------------------------------
   ___                      ___                          
  / _ \ _  _ ___ _  _ ___  |   \ __ _ ___ _ __  ___ _ _  
 | (_) | || / -_) || / -_) | |) / _' / -_) '  \/ _ \ ' \ 
  \__\_\\_,_\___|\_,_\___| |___/\__,_\___|_|_|_\___/_||_|
                                                         
--------------------------------------------------------------------------------------------------------
Start Program com.dynocloud.node.queue.Daemon
--------------------------------------------------------------------------------------------------------
MQTT host: localhost
Server MQTT host: dynocare.xyz
Stopping Script

========================================================================================================

              888888ba                              a88888b. dP                         dP            
              88    '8b                            d8'   '88 88                         88            
              88     88 dP    dP 88d888b. .d8888b. 88        88 .d8888b. dP    dP .d888b88            
              88     88 88    88 88'  '88 88'  '88 88        88 88'  '88 88    88 88'  '88            
              88    .8P 88.  .88 88    88 88.  .88 Y8.   .88 88 88.  .88 88.  .88 88.  .88            
              8888888P  '8888P88 dP    dP '88888P'  Y88888P' dP '88888P' '88888P' '88888P8            
                             .88                                                                      
                         d8888P                                                                       

========================================================================================================
Server Host: AEGONAR-G750JX, program location path: /home/agonar/DynoCloud/Git/DynoCloud/Java/
--------------------------------------------------------------------------------------------------------
   ___                      ___                          
  / _ \ _  _ ___ _  _ ___  |   \ __ _ ___ _ __  ___ _ _  
 | (_) | || / -_) || / -_) | |) / _' / -_) '  \/ _ \ ' \ 
  \__\_\\_,_\___|\_,_\___| |___/\__,_\___|_|_|_\___/_||_|
                                                         
--------------------------------------------------------------------------------------------------------
Start Program com.dynocloud.node.queue.Daemon
--------------------------------------------------------------------------------------------------------
MQTT host: localhost
Server MQTT host: dynocare.xyz
Stopping Script

========================================================================================================

              888888ba                              a88888b. dP                         dP            
              88    '8b                            d8'   '88 88                         88            
              88     88 dP    dP 88d888b. .d8888b. 88        88 .d8888b. dP    dP .d888b88            
              88     88 88    88 88'  '88 88'  '88 88        88 88'  '88 88    88 88'  '88            
              88    .8P 88.  .88 88    88 88.  .88 Y8.   .88 88 88.  .88 88.  .88 88.  .88            
              8888888P  '8888P88 dP    dP '88888P'  Y88888P' dP '88888P' '88888P' '88888P8            
                             .88                                                                      
                         d8888P                                                                       

========================================================================================================
Server Host: AEGONAR-G750JX, program location path: /home/agonar/DynoCloud/Git/DynoCloud/Java/
--------------------------------------------------------------------------------------------------------
   ___                      ___                          
  / _ \ _  _ ___ _  _ ___  |   \ __ _ ___ _ __  ___ _ _  
 | (_) | || / -_) || / -_) | |) / _' / -_) '  \/ _ \ ' \ 
  \__\_\\_,_\___|\_,_\___| |___/\__,_\___|_|_|_\___/_||_|
                                                         
--------------------------------------------------------------------------------------------------------
Start Program com.dynocloud.node.queue.Daemon
--------------------------------------------------------------------------------------------------------
MQTT host: localhost
Server MQTT host: dynocare.xyz
Stopping Script

========================================================================================================

              888888ba                              a88888b. dP                         dP            
              88    '8b                            d8'   '88 88                         88            
              88     88 dP    dP 88d888b. .d8888b. 88        88 .d8888b. dP    dP .d888b88            
              88     88 88    88 88'  '88 88'  '88 88        88 88'  '88 88    88 88'  '88            
              88    .8P 88.  .88 88    88 88.  .88 Y8.   .88 88 88.  .88 88.  .88 88.  .88            
              8888888P  '8888P88 dP    dP '88888P'  Y88888P' dP '88888P' '88888P' '88888P8            
                             .88                                                                      
                         d8888P                                                                       

========================================================================================================
Server Host: AEGONAR-G750JX, program location path: /home/agonar/DynoCloud/Git/DynoCloud/Java/
--------------------------------------------------------------------------------------------------------
   ___                      ___                          
  / _ \ _  _ ___ _  _ ___  |   \ __ _ ___ _ __  ___ _ _  
 | (_) | || / -_) || / -_) | |) / _' / -_) '  \/ _ \ ' \ 
  \__\_\\_,_\___|\_,_\___| |___/\__,_\___|_|_|_\___/_||_|
                                                         
--------------------------------------------------------------------------------------------------------
Start Program com.dynocloud.node.queue.Daemon
--------------------------------------------------------------------------------------------------------
MQTT host: localhost
Server MQTT host: dynocare.xyz
Stopping Script

========================================================================================================

              888888ba                              a88888b. dP                         dP            
              88    '8b                            d8'   '88 88                         88            
              88     88 dP    dP 88d888b. .d8888b. 88        88 .d8888b. dP    dP .d888b88            
              88     88 88    88 88'  '88 88'  '88 88        88 88'  '88 88    88 88'  '88            
              88    .8P 88.  .88 88    88 88.  .88 Y8.   .88 88 88.  .88 88.  .88 88.  .88            
              8888888P  '8888P88 dP    dP '88888P'  Y88888P' dP '88888P' '88888P' '88888P8            
                             .88                                                                      
                         d8888P                                                                       

========================================================================================================
Server Host: AEGONAR-G750JX, program location path: /home/agonar/DynoCloud/Git/DynoCloud/Java/
--------------------------------------------------------------------------------------------------------
   ___                      ___                          
  / _ \ _  _ ___ _  _ ___  |   \ __ _ ___ _ __  ___ _ _  
 | (_) | || / -_) || / -_) | |) / _' / -_) '  \/ _ \ ' \ 
  \__\_\\_,_\___|\_,_\___| |___/\__,_\___|_|_|_\___/_||_|
                                                         
--------------------------------------------------------------------------------------------------------
Start Program com.dynocloud.node.queue.Daemon
--------------------------------------------------------------------------------------------------------
MQTT host: localhost
Server MQTT host: dynocare.xyz
Stopping Script
