
========================================================================================================

              888888ba                              a88888b. dP                         dP            
              88    '8b                            d8'   '88 88                         88            
              88     88 dP    dP 88d888b. .d8888b. 88        88 .d8888b. dP    dP .d888b88            
              88     88 88    88 88'  '88 88'  '88 88        88 88'  '88 88    88 88'  '88            
              88    .8P 88.  .88 88    88 88.  .88 Y8.   .88 88 88.  .88 88.  .88 88.  .88            
              8888888P  '8888P88 dP    dP '88888P'  Y88888P' dP '88888P' '88888P' '88888P8            
                             .88                                                                      
                         d8888P                                                                       

========================================================================================================
Server Host: AEGONAR-G750JX, program location path: /home/agonar/DynoCloud/Git/DynoCloud/Java/
--------------------------------------------------------------------------------------------------------
  _____    _               _              ___                          
 |_   _|__| |___ _ __  ___| |_ _ _ _  _  |   \ __ _ ___ _ __  ___ _ _  
   | |/ -_) / -_) '  \/ -_)  _| '_| || | | |) / _' / -_) '  \/ _ \ ' \ 
   |_|\___|_\___|_|_|_\___|\__|_|  \_, | |___/\__,_\___|_|_|_\___/_||_|
                                   |__/                                
--------------------------------------------------------------------------------------------------------
Start Program com.dynocloud.node.telemetry.Daemon
--------------------------------------------------------------------------------------------------------
MQTT host: 192.168.0.199
There was an exception, script stopping

========================================================================================================

              888888ba                              a88888b. dP                         dP            
              88    '8b                            d8'   '88 88                         88            
              88     88 dP    dP 88d888b. .d8888b. 88        88 .d8888b. dP    dP .d888b88            
              88     88 88    88 88'  '88 88'  '88 88        88 88'  '88 88    88 88'  '88            
              88    .8P 88.  .88 88    88 88.  .88 Y8.   .88 88 88.  .88 88.  .88 88.  .88            
              8888888P  '8888P88 dP    dP '88888P'  Y88888P' dP '88888P' '88888P' '88888P8            
                             .88                                                                      
                         d8888P                                                                       

========================================================================================================
Server Host: AEGONAR-G750JX, program location path: /home/agonar/DynoCloud/Git/DynoCloud/Java/
--------------------------------------------------------------------------------------------------------
  _____    _               _              ___                          
 |_   _|__| |___ _ __  ___| |_ _ _ _  _  |   \ __ _ ___ _ __  ___ _ _  
   | |/ -_) / -_) '  \/ -_)  _| '_| || | | |) / _' / -_) '  \/ _ \ ' \ 
   |_|\___|_\___|_|_|_\___|\__|_|  \_, | |___/\__,_\___|_|_|_\___/_||_|
                                   |__/                                
--------------------------------------------------------------------------------------------------------
Start Program com.dynocloud.node.telemetry.Daemon
--------------------------------------------------------------------------------------------------------
MQTT host: 192.168.0.199
There was an exception, script stopping

========================================================================================================

              888888ba                              a88888b. dP                         dP            
              88    '8b                            d8'   '88 88                         88            
              88     88 dP    dP 88d888b. .d8888b. 88        88 .d8888b. dP    dP .d888b88            
              88     88 88    88 88'  '88 88'  '88 88        88 88'  '88 88    88 88'  '88            
              88    .8P 88.  .88 88    88 88.  .88 Y8.   .88 88 88.  .88 88.  .88 88.  .88            
              8888888P  '8888P88 dP    dP '88888P'  Y88888P' dP '88888P' '88888P' '88888P8            
                             .88                                                                      
                         d8888P                                                                       

========================================================================================================
Server Host: AEGONAR-G750JX, program location path: /home/agonar/DynoCloud/Git/DynoCloud/Java/
--------------------------------------------------------------------------------------------------------
  _____    _               _              ___                          
 |_   _|__| |___ _ __  ___| |_ _ _ _  _  |   \ __ _ ___ _ __  ___ _ _  
   | |/ -_) / -_) '  \/ -_)  _| '_| || | | |) / _' / -_) '  \/ _ \ ' \ 
   |_|\___|_\___|_|_|_\___|\__|_|  \_, | |___/\__,_\___|_|_|_\___/_||_|
                                   |__/                                
--------------------------------------------------------------------------------------------------------
Start Program com.dynocloud.node.telemetry.Daemon
--------------------------------------------------------------------------------------------------------
MQTT host: 192.168.0.199

========================================================================================================

              888888ba                              a88888b. dP                         dP            
              88    '8b                            d8'   '88 88                         88            
              88     88 dP    dP 88d888b. .d8888b. 88        88 .d8888b. dP    dP .d888b88            
              88     88 88    88 88'  '88 88'  '88 88        88 88'  '88 88    88 88'  '88            
              88    .8P 88.  .88 88    88 88.  .88 Y8.   .88 88 88.  .88 88.  .88 88.  .88            
              8888888P  '8888P88 dP    dP '88888P'  Y88888P' dP '88888P' '88888P' '88888P8            
                             .88                                                                      
                         d8888P                                                                       

========================================================================================================
Server Host: AEGONAR-G750JX, program location path: /home/agonar/DynoCloud/Git/DynoCloud/Java/
--------------------------------------------------------------------------------------------------------
  _____    _               _              ___                          
 |_   _|__| |___ _ __  ___| |_ _ _ _  _  |   \ __ _ ___ _ __  ___ _ _  
   | |/ -_) / -_) '  \/ -_)  _| '_| || | | |) / _' / -_) '  \/ _ \ ' \ 
   |_|\___|_\___|_|_|_\___|\__|_|  \_, | |___/\__,_\___|_|_|_\___/_||_|
                                   |__/                                
--------------------------------------------------------------------------------------------------------
Start Program com.dynocloud.node.telemetry.Daemon
--------------------------------------------------------------------------------------------------------
MQTT host: 192.168.0.199
Stopping Script
Stopping Script

========================================================================================================

              888888ba                              a88888b. dP                         dP            
              88    '8b                            d8'   '88 88                         88            
              88     88 dP    dP 88d888b. .d8888b. 88        88 .d8888b. dP    dP .d888b88            
              88     88 88    88 88'  '88 88'  '88 88        88 88'  '88 88    88 88'  '88            
              88    .8P 88.  .88 88    88 88.  .88 Y8.   .88 88 88.  .88 88.  .88 88.  .88            
              8888888P  '8888P88 dP    dP '88888P'  Y88888P' dP '88888P' '88888P' '88888P8            
                             .88                                                                      
                         d8888P                                                                       

========================================================================================================
Server Host: AEGONAR-G750JX, program location path: /home/agonar/DynoCloud/Git/DynoCloud/Java/
--------------------------------------------------------------------------------------------------------
  _____    _               _              ___                          
 |_   _|__| |___ _ __  ___| |_ _ _ _  _  |   \ __ _ ___ _ __  ___ _ _  
   | |/ -_) / -_) '  \/ -_)  _| '_| || | | |) / _' / -_) '  \/ _ \ ' \ 
   |_|\___|_\___|_|_|_\___|\__|_|  \_, | |___/\__,_\___|_|_|_\___/_||_|
                                   |__/                                
--------------------------------------------------------------------------------------------------------
Start Program com.dynocloud.node.telemetry.Daemon
--------------------------------------------------------------------------------------------------------
MQTT host: 192.168.0.199
Stopping Script

========================================================================================================

              888888ba                              a88888b. dP                         dP            
              88    '8b                            d8'   '88 88                         88            
              88     88 dP    dP 88d888b. .d8888b. 88        88 .d8888b. dP    dP .d888b88            
              88     88 88    88 88'  '88 88'  '88 88        88 88'  '88 88    88 88'  '88            
              88    .8P 88.  .88 88    88 88.  .88 Y8.   .88 88 88.  .88 88.  .88 88.  .88            
              8888888P  '8888P88 dP    dP '88888P'  Y88888P' dP '88888P' '88888P' '88888P8            
                             .88                                                                      
                         d8888P                                                                       

========================================================================================================
Server Host: AEGONAR-G750JX, program location path: /home/agonar/DynoCloud/Git/DynoCloud/Java/
--------------------------------------------------------------------------------------------------------
  _____    _               _              ___                          
 |_   _|__| |___ _ __  ___| |_ _ _ _  _  |   \ __ _ ___ _ __  ___ _ _  
   | |/ -_) / -_) '  \/ -_)  _| '_| || | | |) / _' / -_) '  \/ _ \ ' \ 
   |_|\___|_\___|_|_|_\___|\__|_|  \_, | |___/\__,_\___|_|_|_\___/_||_|
                                   |__/                                
--------------------------------------------------------------------------------------------------------
Start Program com.dynocloud.node.telemetry.Daemon
--------------------------------------------------------------------------------------------------------
MQTT host: 192.168.0.199

========================================================================================================

              888888ba                              a88888b. dP                         dP            
              88    '8b                            d8'   '88 88                         88            
              88     88 dP    dP 88d888b. .d8888b. 88        88 .d8888b. dP    dP .d888b88            
              88     88 88    88 88'  '88 88'  '88 88        88 88'  '88 88    88 88'  '88            
              88    .8P 88.  .88 88    88 88.  .88 Y8.   .88 88 88.  .88 88.  .88 88.  .88            
              8888888P  '8888P88 dP    dP '88888P'  Y88888P' dP '88888P' '88888P' '88888P8            
                             .88                                                                      
                         d8888P                                                                       

========================================================================================================
Server Host: AEGONAR-G750JX, program location path: /home/agonar/DynoCloud/Git/DynoCloud/Java/
--------------------------------------------------------------------------------------------------------
  _____    _               _              ___                          
 |_   _|__| |___ _ __  ___| |_ _ _ _  _  |   \ __ _ ___ _ __  ___ _ _  
   | |/ -_) / -_) '  \/ -_)  _| '_| || | | |) / _' / -_) '  \/ _ \ ' \ 
   |_|\___|_\___|_|_|_\___|\__|_|  \_, | |___/\__,_\___|_|_|_\___/_||_|
                                   |__/                                
--------------------------------------------------------------------------------------------------------
Start Program com.dynocloud.node.telemetry.Daemon
--------------------------------------------------------------------------------------------------------
MQTT host: 192.168.0.199
Stopping Script

========================================================================================================

              888888ba                              a88888b. dP                         dP            
              88    '8b                            d8'   '88 88                         88            
              88     88 dP    dP 88d888b. .d8888b. 88        88 .d8888b. dP    dP .d888b88            
              88     88 88    88 88'  '88 88'  '88 88        88 88'  '88 88    88 88'  '88            
              88    .8P 88.  .88 88    88 88.  .88 Y8.   .88 88 88.  .88 88.  .88 88.  .88            
              8888888P  '8888P88 dP    dP '88888P'  Y88888P' dP '88888P' '88888P' '88888P8            
                             .88                                                                      
                         d8888P                                                                       

========================================================================================================
Server Host: AEGONAR-G750JX, program location path: /home/agonar/DynoCloud/Git/DynoCloud/Java/
--------------------------------------------------------------------------------------------------------
  _____    _               _              ___                          
 |_   _|__| |___ _ __  ___| |_ _ _ _  _  |   \ __ _ ___ _ __  ___ _ _  
   | |/ -_) / -_) '  \/ -_)  _| '_| || | | |) / _' / -_) '  \/ _ \ ' \ 
   |_|\___|_\___|_|_|_\___|\__|_|  \_, | |___/\__,_\___|_|_|_\___/_||_|
                                   |__/                                
--------------------------------------------------------------------------------------------------------
Start Program com.dynocloud.node.telemetry.Daemon
--------------------------------------------------------------------------------------------------------
MQTT host: 192.168.0.199
