MQTT host: 192.168.0.199
Server MQTT host: dynocare.xyz
/DynoCloud/Queue {"headerList":[{"key":"Authorization","value":"Bearer 56me538k6mevqf41tvjqe10nqj"},{"key":"Content-Type","value":"application/json"}],"payload":"{\"dateTime\":\"2016-04-20 21:35:18\",\"centralNodeID\":1,\"userID\":2,\"CLIENTID\":1,\"TEMP\":75.88174,\"RH\":52.899513,\"OPTIONAL_LOAD\":0.0,\"HEAT_LOAD\":0.0,\"HUM_OR\":0,\"HEAT_OR\":0,\"UV_OR\":0,\"OPTIONAL_OR\":0,\"HUM_STATUS\":0,\"HEAT_STATUS\":0,\"UV_STATUS\":0,\"OPTIONAL_STATUS\":0}","method":"POST","path":"publish"}
Relaying message to server
Message relayed to server
---------------------------------------
/DynoCloud/Queue {"headerList":[{"key":"Authorization","value":"Bearer 56me538k6mevqf41tvjqe10nqj"},{"key":"Content-Type","value":"application/json"}],"payload":"{\"dateTime\":\"2016-04-20 21:35:21\",\"centralNodeID\":1,\"userID\":2,\"CLIENTID\":1,\"TEMP\":75.860306,\"RH\":52.93549,\"OPTIONAL_LOAD\":0.0,\"HEAT_LOAD\":0.0,\"HUM_OR\":0,\"HEAT_OR\":0,\"UV_OR\":0,\"OPTIONAL_OR\":0,\"HUM_STATUS\":0,\"HEAT_STATUS\":0,\"UV_STATUS\":0,\"OPTIONAL_STATUS\":0}","method":"POST","path":"publish"}
Relaying message to server
Message relayed to server
---------------------------------------
/DynoCloud/Queue {"headerList":[{"key":"Authorization","value":"Bearer 56me538k6mevqf41tvjqe10nqj"},{"key":"Content-Type","value":"application/json"}],"payload":"{\"dateTime\":\"2016-04-20 21:35:24\",\"centralNodeID\":1,\"userID\":2,\"CLIENTID\":1,\"TEMP\":75.88876,\"RH\":52.945877,\"OPTIONAL_LOAD\":0.0,\"HEAT_LOAD\":0.0,\"HUM_OR\":0,\"HEAT_OR\":0,\"UV_OR\":0,\"OPTIONAL_OR\":0,\"HUM_STATUS\":0,\"HEAT_STATUS\":0,\"UV_STATUS\":0,\"OPTIONAL_STATUS\":0}","method":"POST","path":"publish"}
Relaying message to server
Message relayed to server
---------------------------------------
/DynoCloud/Queue {"headerList":[{"key":"Authorization","value":"Bearer 56me538k6mevqf41tvjqe10nqj"},{"key":"Content-Type","value":"application/json"}],"payload":"{\"dateTime\":\"2016-04-20 21:35:27\",\"centralNodeID\":1,\"userID\":2,\"CLIENTID\":1,\"TEMP\":75.888695,\"RH\":52.972664,\"OPTIONAL_LOAD\":0.0,\"HEAT_LOAD\":0.0,\"HUM_OR\":0,\"HEAT_OR\":0,\"UV_OR\":0,\"OPTIONAL_OR\":0,\"HUM_STATUS\":0,\"HEAT_STATUS\":0,\"UV_STATUS\":0,\"OPTIONAL_STATUS\":0}","method":"POST","path":"publish"}
Relaying message to server
Message relayed to server
---------------------------------------
/DynoCloud/Queue {"headerList":[{"key":"Authorization","value":"Bearer 56me538k6mevqf41tvjqe10nqj"},{"key":"Content-Type","value":"application/json"}],"payload":"{\"dateTime\":\"2016-04-20 21:35:30\",\"centralNodeID\":1,\"userID\":2,\"CLIENTID\":1,\"TEMP\":75.83325,\"RH\":52.977257,\"OPTIONAL_LOAD\":0.0,\"HEAT_LOAD\":0.0,\"HUM_OR\":0,\"HEAT_OR\":0,\"UV_OR\":0,\"OPTIONAL_OR\":0,\"HUM_STATUS\":0,\"HEAT_STATUS\":0,\"UV_STATUS\":0,\"OPTIONAL_STATUS\":0}","method":"POST","path":"publish"}
Relaying message to server
Message relayed to server
---------------------------------------
/DynoCloud/Queue {"headerList":[{"key":"Authorization","value":"Bearer 56me538k6mevqf41tvjqe10nqj"},{"key":"Content-Type","value":"application/json"}],"payload":"{\"dateTime\":\"2016-04-20 21:35:33\",\"centralNodeID\":1,\"userID\":2,\"CLIENTID\":1,\"TEMP\":75.85857,\"RH\":52.981857,\"OPTIONAL_LOAD\":0.0,\"HEAT_LOAD\":0.0,\"HUM_OR\":0,\"HEAT_OR\":0,\"UV_OR\":0,\"OPTIONAL_OR\":0,\"HUM_STATUS\":0,\"HEAT_STATUS\":0,\"UV_STATUS\":0,\"OPTIONAL_STATUS\":0}","method":"POST","path":"publish"}
Relaying message to server
Message relayed to server
---------------------------------------
/DynoCloud/Queue {"headerList":[{"key":"Authorization","value":"Bearer 56me538k6mevqf41tvjqe10nqj"},{"key":"Content-Type","value":"application/json"}],"payload":"{\"dateTime\":\"2016-04-20 21:35:36\",\"centralNodeID\":1,\"userID\":2,\"CLIENTID\":1,\"TEMP\":75.85368,\"RH\":52.87494,\"OPTIONAL_LOAD\":0.0,\"HEAT_LOAD\":0.0,\"HUM_OR\":0,\"HEAT_OR\":0,\"UV_OR\":0,\"OPTIONAL_OR\":0,\"HUM_STATUS\":0,\"HEAT_STATUS\":0,\"UV_STATUS\":0,\"OPTIONAL_STATUS\":0}","method":"POST","path":"publish"}
Relaying message to server
Message relayed to server
---------------------------------------
/DynoCloud/Queue {"headerList":[{"key":"Authorization","value":"Bearer 56me538k6mevqf41tvjqe10nqj"},{"key":"Content-Type","value":"application/json"}],"payload":"{\"dateTime\":\"2016-04-20 21:35:39\",\"centralNodeID\":1,\"userID\":2,\"CLIENTID\":1,\"TEMP\":75.88877,\"RH\":52.812965,\"OPTIONAL_LOAD\":0.0,\"HEAT_LOAD\":0.0,\"HUM_OR\":0,\"HEAT_OR\":0,\"UV_OR\":0,\"OPTIONAL_OR\":0,\"HUM_STATUS\":0,\"HEAT_STATUS\":0,\"UV_STATUS\":0,\"OPTIONAL_STATUS\":0}","method":"POST","path":"publish"}
Relaying message to server
Message relayed to server
---------------------------------------
/DynoCloud/Queue {"headerList":[{"key":"Authorization","value":"Bearer 56me538k6mevqf41tvjqe10nqj"},{"key":"Content-Type","value":"application/json"}],"payload":"{\"dateTime\":\"2016-04-20 21:35:42\",\"centralNodeID\":1,\"userID\":2,\"CLIENTID\":1,\"TEMP\":75.845245,\"RH\":52.825356,\"OPTIONAL_LOAD\":0.0,\"HEAT_LOAD\":0.0,\"HUM_OR\":0,\"HEAT_OR\":0,\"UV_OR\":0,\"OPTIONAL_OR\":0,\"HUM_STATUS\":0,\"HEAT_STATUS\":0,\"UV_STATUS\":0,\"OPTIONAL_STATUS\":0}","method":"POST","path":"publish"}
Relaying message to server
Message relayed to server
---------------------------------------
/DynoCloud/Queue {"headerList":[{"key":"Authorization","value":"Bearer 56me538k6mevqf41tvjqe10nqj"},{"key":"Content-Type","value":"application/json"}],"payload":"{\"dateTime\":\"2016-04-20 21:35:45\",\"centralNodeID\":1,\"userID\":2,\"CLIENTID\":1,\"TEMP\":75.87413,\"RH\":52.82517,\"OPTIONAL_LOAD\":0.0,\"HEAT_LOAD\":0.0,\"HUM_OR\":0,\"HEAT_OR\":0,\"UV_OR\":0,\"OPTIONAL_OR\":0,\"HUM_STATUS\":0,\"HEAT_STATUS\":0,\"UV_STATUS\":0,\"OPTIONAL_STATUS\":0}","method":"POST","path":"publish"}
Relaying message to server
Message relayed to server
---------------------------------------
/DynoCloud/Queue {"headerList":[{"key":"Authorization","value":"Bearer 56me538k6mevqf41tvjqe10nqj"},{"key":"Content-Type","value":"application/json"}],"payload":"{\"dateTime\":\"2016-04-20 21:35:48\",\"centralNodeID\":1,\"userID\":2,\"CLIENTID\":1,\"TEMP\":75.84863,\"RH\":52.937283,\"OPTIONAL_LOAD\":0.0,\"HEAT_LOAD\":0.0,\"HUM_OR\":0,\"HEAT_OR\":0,\"UV_OR\":0,\"OPTIONAL_OR\":0,\"HUM_STATUS\":0,\"HEAT_STATUS\":0,\"UV_STATUS\":0,\"OPTIONAL_STATUS\":0}","method":"POST","path":"publish"}
Relaying message to server
Message relayed to server
---------------------------------------
/DynoCloud/Queue {"headerList":[{"key":"Authorization","value":"Bearer 56me538k6mevqf41tvjqe10nqj"},{"key":"Content-Type","value":"application/json"}],"payload":"{\"dateTime\":\"2016-04-20 21:35:51\",\"centralNodeID\":1,\"userID\":2,\"CLIENTID\":1,\"TEMP\":75.87883,\"RH\":52.99624,\"OPTIONAL_LOAD\":0.0,\"HEAT_LOAD\":0.0,\"HUM_OR\":0,\"HEAT_OR\":0,\"UV_OR\":0,\"OPTIONAL_OR\":0,\"HUM_STATUS\":0,\"HEAT_STATUS\":0,\"UV_STATUS\":0,\"OPTIONAL_STATUS\":0}","method":"POST","path":"publish"}
Relaying message to server
Message relayed to server
---------------------------------------
/DynoCloud/Queue {"headerList":[{"key":"Authorization","value":"Bearer 56me538k6mevqf41tvjqe10nqj"},{"key":"Content-Type","value":"application/json"}],"payload":"{\"dateTime\":\"2016-04-20 21:35:54\",\"centralNodeID\":1,\"userID\":2,\"CLIENTID\":1,\"TEMP\":75.82331,\"RH\":53.068405,\"OPTIONAL_LOAD\":0.0,\"HEAT_LOAD\":0.0,\"HUM_OR\":0,\"HEAT_OR\":0,\"UV_OR\":0,\"OPTIONAL_OR\":0,\"HUM_STATUS\":0,\"HEAT_STATUS\":0,\"UV_STATUS\":0,\"OPTIONAL_STATUS\":0}","method":"POST","path":"publish"}
Relaying message to server
Message relayed to server
---------------------------------------
/DynoCloud/Queue {"headerList":[{"key":"Authorization","value":"Bearer 56me538k6mevqf41tvjqe10nqj"},{"key":"Content-Type","value":"application/json"}],"payload":"{\"dateTime\":\"2016-04-20 21:35:57\",\"centralNodeID\":1,\"userID\":2,\"CLIENTID\":1,\"TEMP\":75.80867,\"RH\":52.975246,\"OPTIONAL_LOAD\":0.0,\"HEAT_LOAD\":0.0,\"HUM_OR\":0,\"HEAT_OR\":0,\"UV_OR\":0,\"OPTIONAL_OR\":0,\"HUM_STATUS\":0,\"HEAT_STATUS\":0,\"UV_STATUS\":0,\"OPTIONAL_STATUS\":0}","method":"POST","path":"publish"}
Relaying message to server
Message relayed to server
---------------------------------------
/DynoCloud/Queue {"headerList":[{"key":"Authorization","value":"Bearer 56me538k6mevqf41tvjqe10nqj"},{"key":"Content-Type","value":"application/json"}],"payload":"{\"dateTime\":\"2016-04-20 21:36:00\",\"centralNodeID\":1,\"userID\":2,\"CLIENTID\":1,\"TEMP\":75.847145,\"RH\":53.04359,\"OPTIONAL_LOAD\":0.0,\"HEAT_LOAD\":0.0,\"HUM_OR\":0,\"HEAT_OR\":0,\"UV_OR\":0,\"OPTIONAL_OR\":0,\"HUM_STATUS\":0,\"HEAT_STATUS\":0,\"UV_STATUS\":0,\"OPTIONAL_STATUS\":0}","method":"POST","path":"publish"}
Relaying message to server
Message relayed to server
---------------------------------------
/DynoCloud/Queue {"headerList":[{"key":"Authorization","value":"Bearer 56me538k6mevqf41tvjqe10nqj"},{"key":"Content-Type","value":"application/json"}],"payload":"{\"dateTime\":\"2016-04-20 21:36:03\",\"centralNodeID\":1,\"userID\":2,\"CLIENTID\":1,\"TEMP\":75.87247,\"RH\":52.98564,\"OPTIONAL_LOAD\":0.0,\"HEAT_LOAD\":0.0,\"HUM_OR\":0,\"HEAT_OR\":0,\"UV_OR\":0,\"OPTIONAL_OR\":0,\"HUM_STATUS\":0,\"HEAT_STATUS\":0,\"UV_STATUS\":0,\"OPTIONAL_STATUS\":0}","method":"POST","path":"publish"}
Relaying message to server
Message relayed to server
---------------------------------------
/DynoCloud/Queue {"headerList":[{"key":"Authorization","value":"Bearer 56me538k6mevqf41tvjqe10nqj"},{"key":"Content-Type","value":"application/json"}],"payload":"{\"dateTime\":\"2016-04-20 21:36:06\",\"centralNodeID\":1,\"userID\":2,\"CLIENTID\":1,\"TEMP\":75.83871,\"RH\":53.052597,\"OPTIONAL_LOAD\":0.0,\"HEAT_LOAD\":0.0,\"HUM_OR\":0,\"HEAT_OR\":0,\"UV_OR\":0,\"OPTIONAL_OR\":0,\"HUM_STATUS\":0,\"HEAT_STATUS\":0,\"UV_STATUS\":0,\"OPTIONAL_STATUS\":0}","method":"POST","path":"publish"}
Relaying message to server
Message relayed to server
---------------------------------------
/DynoCloud/Queue {"headerList":[{"key":"Authorization","value":"Bearer 56me538k6mevqf41tvjqe10nqj"},{"key":"Content-Type","value":"application/json"}],"payload":"{\"dateTime\":\"2016-04-20 21:36:09\",\"centralNodeID\":1,\"userID\":2,\"CLIENTID\":1,\"TEMP\":75.857574,\"RH\":53.0514,\"OPTIONAL_LOAD\":0.0,\"HEAT_LOAD\":0.0,\"HUM_OR\":0,\"HEAT_OR\":0,\"UV_OR\":0,\"OPTIONAL_OR\":0,\"HUM_STATUS\":0,\"HEAT_STATUS\":0,\"UV_STATUS\":0,\"OPTIONAL_STATUS\":0}","method":"POST","path":"publish"}
Relaying message to server
Message relayed to server
---------------------------------------
/DynoCloud/Queue {"headerList":[{"key":"Authorization","value":"Bearer 56me538k6mevqf41tvjqe10nqj"},{"key":"Content-Type","value":"application/json"}],"payload":"{\"dateTime\":\"2016-04-20 21:36:12\",\"centralNodeID\":1,\"userID\":2,\"CLIENTID\":1,\"TEMP\":75.82026,\"RH\":53.063995,\"OPTIONAL_LOAD\":0.0,\"HEAT_LOAD\":0.0,\"HUM_OR\":0,\"HEAT_OR\":0,\"UV_OR\":0,\"OPTIONAL_OR\":0,\"HUM_STATUS\":0,\"HEAT_STATUS\":0,\"UV_STATUS\":0,\"OPTIONAL_STATUS\":0}","method":"POST","path":"publish"}
Relaying message to server
Message relayed to server
---------------------------------------
/DynoCloud/Queue {"headerList":[{"key":"Authorization","value":"Bearer 56me538k6mevqf41tvjqe10nqj"},{"key":"Content-Type","value":"application/json"}],"payload":"{\"dateTime\":\"2016-04-20 21:36:15\",\"centralNodeID\":1,\"userID\":2,\"CLIENTID\":1,\"TEMP\":75.83424,\"RH\":53.134144,\"OPTIONAL_LOAD\":0.0,\"HEAT_LOAD\":0.0,\"HUM_OR\":0,\"HEAT_OR\":0,\"UV_OR\":0,\"OPTIONAL_OR\":0,\"HUM_STATUS\":0,\"HEAT_STATUS\":0,\"UV_STATUS\":0,\"OPTIONAL_STATUS\":0}","method":"POST","path":"publish"}
Relaying message to server
Message relayed to server
---------------------------------------
/DynoCloud/Queue {"headerList":[{"key":"Authorization","value":"Bearer 56me538k6mevqf41tvjqe10nqj"},{"key":"Content-Type","value":"application/json"}],"payload":"{\"dateTime\":\"2016-04-20 21:36:18\",\"centralNodeID\":1,\"userID\":2,\"CLIENTID\":1,\"TEMP\":75.83333,\"RH\":53.116165,\"OPTIONAL_LOAD\":0.0,\"HEAT_LOAD\":0.0,\"HUM_OR\":0,\"HEAT_OR\":0,\"UV_OR\":0,\"OPTIONAL_OR\":0,\"HUM_STATUS\":0,\"HEAT_STATUS\":0,\"UV_STATUS\":0,\"OPTIONAL_STATUS\":0}","method":"POST","path":"publish"}
Relaying message to server
Message relayed to server
---------------------------------------
/DynoCloud/Queue {"headerList":[{"key":"Authorization","value":"Bearer 56me538k6mevqf41tvjqe10nqj"},{"key":"Content-Type","value":"application/json"}],"payload":"{\"dateTime\":\"2016-04-20 21:36:21\",\"centralNodeID\":1,\"userID\":2,\"CLIENTID\":1,\"TEMP\":75.84367,\"RH\":53.133724,\"OPTIONAL_LOAD\":0.0,\"HEAT_LOAD\":0.0,\"HUM_OR\":0,\"HEAT_OR\":0,\"UV_OR\":0,\"OPTIONAL_OR\":0,\"HUM_STATUS\":0,\"HEAT_STATUS\":0,\"UV_STATUS\":0,\"OPTIONAL_STATUS\":0}","method":"POST","path":"publish"}
Relaying message to server
Message relayed to server
---------------------------------------
/DynoCloud/Queue {"headerList":[{"key":"Authorization","value":"Bearer 56me538k6mevqf41tvjqe10nqj"},{"key":"Content-Type","value":"application/json"}],"payload":"{\"dateTime\":\"2016-04-20 21:36:24\",\"centralNodeID\":1,\"userID\":2,\"CLIENTID\":1,\"TEMP\":75.869576,\"RH\":53.116356,\"OPTIONAL_LOAD\":0.0,\"HEAT_LOAD\":0.0,\"HUM_OR\":0,\"HEAT_OR\":0,\"UV_OR\":0,\"OPTIONAL_OR\":0,\"HUM_STATUS\":0,\"HEAT_STATUS\":0,\"UV_STATUS\":0,\"OPTIONAL_STATUS\":0}","method":"POST","path":"publish"}
Relaying message to server
Message relayed to server
---------------------------------------
/DynoCloud/Queue {"headerList":[{"key":"Authorization","value":"Bearer 56me538k6mevqf41tvjqe10nqj"},{"key":"Content-Type","value":"application/json"}],"payload":"{\"dateTime\":\"2016-04-20 21:36:27\",\"centralNodeID\":1,\"userID\":2,\"CLIENTID\":1,\"TEMP\":75.85262,\"RH\":53.13954,\"OPTIONAL_LOAD\":0.0,\"HEAT_LOAD\":0.0,\"HUM_OR\":0,\"HEAT_OR\":0,\"UV_OR\":0,\"OPTIONAL_OR\":0,\"HUM_STATUS\":0,\"HEAT_STATUS\":0,\"UV_STATUS\":0,\"OPTIONAL_STATUS\":0}","method":"POST","path":"publish"}
Relaying message to server
Message relayed to server
---------------------------------------
/DynoCloud/Queue {"headerList":[{"key":"Authorization","value":"Bearer 56me538k6mevqf41tvjqe10nqj"},{"key":"Content-Type","value":"application/json"}],"payload":"{\"dateTime\":\"2016-04-20 21:36:30\",\"centralNodeID\":1,\"userID\":2,\"CLIENTID\":1,\"TEMP\":75.84169,\"RH\":53.065388,\"OPTIONAL_LOAD\":0.0,\"HEAT_LOAD\":0.0,\"HUM_OR\":0,\"HEAT_OR\":0,\"UV_OR\":0,\"OPTIONAL_OR\":0,\"HUM_STATUS\":0,\"HEAT_STATUS\":0,\"UV_STATUS\":0,\"OPTIONAL_STATUS\":0}","method":"POST","path":"publish"}
Relaying message to server
Message relayed to server
---------------------------------------
/DynoCloud/Queue {"headerList":[{"key":"Authorization","value":"Bearer 56me538k6mevqf41tvjqe10nqj"},{"key":"Content-Type","value":"application/json"}],"payload":"{\"dateTime\":\"2016-04-20 21:36:33\",\"centralNodeID\":1,\"userID\":2,\"CLIENTID\":1,\"TEMP\":75.84557,\"RH\":53.183704,\"OPTIONAL_LOAD\":0.0,\"HEAT_LOAD\":0.0,\"HUM_OR\":0,\"HEAT_OR\":0,\"UV_OR\":0,\"OPTIONAL_OR\":0,\"HUM_STATUS\":0,\"HEAT_STATUS\":0,\"UV_STATUS\":0,\"OPTIONAL_STATUS\":0}","method":"POST","path":"publish"}
Relaying message to server
Message relayed to server
---------------------------------------
/DynoCloud/Queue {"headerList":[{"key":"Authorization","value":"Bearer 56me538k6mevqf41tvjqe10nqj"},{"key":"Content-Type","value":"application/json"}],"payload":"{\"dateTime\":\"2016-04-20 21:36:36\",\"centralNodeID\":1,\"userID\":2,\"CLIENTID\":1,\"TEMP\":75.86867,\"RH\":53.224083,\"OPTIONAL_LOAD\":0.0,\"HEAT_LOAD\":0.0,\"HUM_OR\":0,\"HEAT_OR\":0,\"UV_OR\":0,\"OPTIONAL_OR\":0,\"HUM_STATUS\":0,\"HEAT_STATUS\":0,\"UV_STATUS\":0,\"OPTIONAL_STATUS\":0}","method":"POST","path":"publish"}
Relaying message to server
Message relayed to server
---------------------------------------
/DynoCloud/Queue {"headerList":[{"key":"Authorization","value":"Bearer 56me538k6mevqf41tvjqe10nqj"},{"key":"Content-Type","value":"application/json"}],"payload":"{\"dateTime\":\"2016-04-20 21:36:39\",\"centralNodeID\":1,\"userID\":2,\"CLIENTID\":1,\"TEMP\":75.8407,\"RH\":53.332417,\"OPTIONAL_LOAD\":0.0,\"HEAT_LOAD\":0.0,\"HUM_OR\":0,\"HEAT_OR\":0,\"UV_OR\":0,\"OPTIONAL_OR\":0,\"HUM_STATUS\":0,\"HEAT_STATUS\":0,\"UV_STATUS\":0,\"OPTIONAL_STATUS\":0}","method":"POST","path":"publish"}
Relaying message to server
Message relayed to server
---------------------------------------
/DynoCloud/Queue {"headerList":[{"key":"Authorization","value":"Bearer 56me538k6mevqf41tvjqe10nqj"},{"key":"Content-Type","value":"application/json"}],"payload":"{\"dateTime\":\"2016-04-20 21:36:42\",\"centralNodeID\":1,\"userID\":2,\"CLIENTID\":1,\"TEMP\":75.87595,\"RH\":53.2099,\"OPTIONAL_LOAD\":0.0,\"HEAT_LOAD\":0.0,\"HUM_OR\":0,\"HEAT_OR\":0,\"UV_OR\":0,\"OPTIONAL_OR\":0,\"HUM_STATUS\":0,\"HEAT_STATUS\":0,\"UV_STATUS\":0,\"OPTIONAL_STATUS\":0}","method":"POST","path":"publish"}
Relaying message to server
Message relayed to server
---------------------------------------
/DynoCloud/Queue {"headerList":[{"key":"Authorization","value":"Bearer 56me538k6mevqf41tvjqe10nqj"},{"key":"Content-Type","value":"application/json"}],"payload":"{\"dateTime\":\"2016-04-20 21:36:45\",\"centralNodeID\":1,\"userID\":2,\"CLIENTID\":1,\"TEMP\":75.85145,\"RH\":53.21448,\"OPTIONAL_LOAD\":0.0,\"HEAT_LOAD\":0.0,\"HUM_OR\":0,\"HEAT_OR\":0,\"UV_OR\":0,\"OPTIONAL_OR\":0,\"HUM_STATUS\":0,\"HEAT_STATUS\":0,\"UV_STATUS\":0,\"OPTIONAL_STATUS\":0}","method":"POST","path":"publish"}
Relaying message to server
Message relayed to server
---------------------------------------
/DynoCloud/Queue {"headerList":[{"key":"Authorization","value":"Bearer 56me538k6mevqf41tvjqe10nqj"},{"key":"Content-Type","value":"application/json"}],"payload":"{\"dateTime\":\"2016-04-20 21:36:48\",\"centralNodeID\":1,\"userID\":2,\"CLIENTID\":1,\"TEMP\":75.86387,\"RH\":53.20808,\"OPTIONAL_LOAD\":0.0,\"HEAT_LOAD\":0.0,\"HUM_OR\":0,\"HEAT_OR\":0,\"UV_OR\":0,\"OPTIONAL_OR\":0,\"HUM_STATUS\":0,\"HEAT_STATUS\":0,\"UV_STATUS\":0,\"OPTIONAL_STATUS\":0}","method":"POST","path":"publish"}
Relaying message to server
Message relayed to server
---------------------------------------
/DynoCloud/Queue {"headerList":[{"key":"Authorization","value":"Bearer 56me538k6mevqf41tvjqe10nqj"},{"key":"Content-Type","value":"application/json"}],"payload":"{\"dateTime\":\"2016-04-20 21:36:51\",\"centralNodeID\":1,\"userID\":2,\"CLIENTID\":1,\"TEMP\":75.811745,\"RH\":53.177322,\"OPTIONAL_LOAD\":0.0,\"HEAT_LOAD\":0.0,\"HUM_OR\":0,\"HEAT_OR\":0,\"UV_OR\":0,\"OPTIONAL_OR\":0,\"HUM_STATUS\":0,\"HEAT_STATUS\":0,\"UV_STATUS\":0,\"OPTIONAL_STATUS\":0}","method":"POST","path":"publish"}
Relaying message to server
Message relayed to server
---------------------------------------
/DynoCloud/Queue {"headerList":[{"key":"Authorization","value":"Bearer 56me538k6mevqf41tvjqe10nqj"},{"key":"Content-Type","value":"application/json"}],"payload":"{\"dateTime\":\"2016-04-20 21:36:54\",\"centralNodeID\":1,\"userID\":2,\"CLIENTID\":1,\"TEMP\":75.85013,\"RH\":53.2189,\"OPTIONAL_LOAD\":0.0,\"HEAT_LOAD\":0.0,\"HUM_OR\":0,\"HEAT_OR\":0,\"UV_OR\":0,\"OPTIONAL_OR\":0,\"HUM_STATUS\":0,\"HEAT_STATUS\":0,\"UV_STATUS\":0,\"OPTIONAL_STATUS\":0}","method":"POST","path":"publish"}
Relaying message to server
Message relayed to server
---------------------------------------
/DynoCloud/Queue {"headerList":[{"key":"Authorization","value":"Bearer 56me538k6mevqf41tvjqe10nqj"},{"key":"Content-Type","value":"application/json"}],"payload":"{\"dateTime\":\"2016-04-20 21:36:57\",\"centralNodeID\":1,\"userID\":2,\"CLIENTID\":1,\"TEMP\":75.875206,\"RH\":53.214497,\"OPTIONAL_LOAD\":0.0,\"HEAT_LOAD\":0.0,\"HUM_OR\":0,\"HEAT_OR\":0,\"UV_OR\":0,\"OPTIONAL_OR\":0,\"HUM_STATUS\":0,\"HEAT_STATUS\":0,\"UV_STATUS\":0,\"OPTIONAL_STATUS\":0}","method":"POST","path":"publish"}
Relaying message to server
Message relayed to server
---------------------------------------
/DynoCloud/Queue {"headerList":[{"key":"Authorization","value":"Bearer 56me538k6mevqf41tvjqe10nqj"},{"key":"Content-Type","value":"application/json"}],"payload":"{\"dateTime\":\"2016-04-20 21:37:00\",\"centralNodeID\":1,\"userID\":2,\"CLIENTID\":1,\"TEMP\":75.82216,\"RH\":53.272057,\"OPTIONAL_LOAD\":0.0,\"HEAT_LOAD\":0.0,\"HUM_OR\":0,\"HEAT_OR\":0,\"UV_OR\":0,\"OPTIONAL_OR\":0,\"HUM_STATUS\":0,\"HEAT_STATUS\":0,\"UV_STATUS\":0,\"OPTIONAL_STATUS\":0}","method":"POST","path":"publish"}
Relaying message to server
Message relayed to server
---------------------------------------
/DynoCloud/Queue {"headerList":[{"key":"Authorization","value":"Bearer 56me538k6mevqf41tvjqe10nqj"},{"key":"Content-Type","value":"application/json"}],"payload":"{\"dateTime\":\"2016-04-20 21:37:03\",\"centralNodeID\":1,\"userID\":2,\"CLIENTID\":1,\"TEMP\":75.80478,\"RH\":53.33401,\"OPTIONAL_LOAD\":0.0,\"HEAT_LOAD\":0.0,\"HUM_OR\":0,\"HEAT_OR\":0,\"UV_OR\":0,\"OPTIONAL_OR\":0,\"HUM_STATUS\":0,\"HEAT_STATUS\":0,\"UV_STATUS\":0,\"OPTIONAL_STATUS\":0}","method":"POST","path":"publish"}
Relaying message to server
Message relayed to server
---------------------------------------
/DynoCloud/Queue {"headerList":[{"key":"Authorization","value":"Bearer 56me538k6mevqf41tvjqe10nqj"},{"key":"Content-Type","value":"application/json"}],"payload":"{\"dateTime\":\"2016-04-20 21:37:06\",\"centralNodeID\":1,\"userID\":2,\"CLIENTID\":1,\"TEMP\":75.81794,\"RH\":53.25046,\"OPTIONAL_LOAD\":0.0,\"HEAT_LOAD\":0.0,\"HUM_OR\":0,\"HEAT_OR\":0,\"UV_OR\":0,\"OPTIONAL_OR\":0,\"HUM_STATUS\":0,\"HEAT_STATUS\":0,\"UV_STATUS\":0,\"OPTIONAL_STATUS\":0}","method":"POST","path":"publish"}
Relaying message to server
Message relayed to server
---------------------------------------
/DynoCloud/Queue {"headerList":[{"key":"Authorization","value":"Bearer 56me538k6mevqf41tvjqe10nqj"},{"key":"Content-Type","value":"application/json"}],"payload":"{\"dateTime\":\"2016-04-20 21:37:09\",\"centralNodeID\":1,\"userID\":2,\"CLIENTID\":1,\"TEMP\":75.835976,\"RH\":53.1983,\"OPTIONAL_LOAD\":0.0,\"HEAT_LOAD\":0.0,\"HUM_OR\":0,\"HEAT_OR\":0,\"UV_OR\":0,\"OPTIONAL_OR\":0,\"HUM_STATUS\":0,\"HEAT_STATUS\":0,\"UV_STATUS\":0,\"OPTIONAL_STATUS\":0}","method":"POST","path":"publish"}
Relaying message to server
Message relayed to server
---------------------------------------
/DynoCloud/Queue {"headerList":[{"key":"Authorization","value":"Bearer 56me538k6mevqf41tvjqe10nqj"},{"key":"Content-Type","value":"application/json"}],"payload":"{\"dateTime\":\"2016-04-20 21:37:12\",\"centralNodeID\":1,\"userID\":2,\"CLIENTID\":1,\"TEMP\":75.82356,\"RH\":53.20109,\"OPTIONAL_LOAD\":0.0,\"HEAT_LOAD\":0.0,\"HUM_OR\":0,\"HEAT_OR\":0,\"UV_OR\":0,\"OPTIONAL_OR\":0,\"HUM_STATUS\":0,\"HEAT_STATUS\":0,\"UV_STATUS\":0,\"OPTIONAL_STATUS\":0}","method":"POST","path":"publish"}
Relaying message to server
Message relayed to server
---------------------------------------
/DynoCloud/Queue {"headerList":[{"key":"Authorization","value":"Bearer 56me538k6mevqf41tvjqe10nqj"},{"key":"Content-Type","value":"application/json"}],"payload":"{\"dateTime\":\"2016-04-20 21:37:15\",\"centralNodeID\":1,\"userID\":2,\"CLIENTID\":1,\"TEMP\":75.85938,\"RH\":53.24147,\"OPTIONAL_LOAD\":0.0,\"HEAT_LOAD\":0.0,\"HUM_OR\":0,\"HEAT_OR\":0,\"UV_OR\":0,\"OPTIONAL_OR\":0,\"HUM_STATUS\":0,\"HEAT_STATUS\":0,\"UV_STATUS\":0,\"OPTIONAL_STATUS\":0}","method":"POST","path":"publish"}
Relaying message to server
Message relayed to server
---------------------------------------
/DynoCloud/Queue {"headerList":[{"key":"Authorization","value":"Bearer 56me538k6mevqf41tvjqe10nqj"},{"key":"Content-Type","value":"application/json"}],"payload":"{\"dateTime\":\"2016-04-20 21:37:18\",\"centralNodeID\":1,\"userID\":2,\"CLIENTID\":1,\"TEMP\":75.82638,\"RH\":53.191097,\"OPTIONAL_LOAD\":0.0,\"HEAT_LOAD\":0.0,\"HUM_OR\":0,\"HEAT_OR\":0,\"UV_OR\":0,\"OPTIONAL_OR\":0,\"HUM_STATUS\":0,\"HEAT_STATUS\":0,\"UV_STATUS\":0,\"OPTIONAL_STATUS\":0}","method":"POST","path":"publish"}
Relaying message to server
Message relayed to server
---------------------------------------
/DynoCloud/Queue {"headerList":[{"key":"Authorization","value":"Bearer 56me538k6mevqf41tvjqe10nqj"},{"key":"Content-Type","value":"application/json"}],"payload":"{\"dateTime\":\"2016-04-20 21:37:21\",\"centralNodeID\":1,\"userID\":2,\"CLIENTID\":1,\"TEMP\":75.92194,\"RH\":53.159115,\"OPTIONAL_LOAD\":0.0,\"HEAT_LOAD\":0.0,\"HUM_OR\":0,\"HEAT_OR\":0,\"UV_OR\":0,\"OPTIONAL_OR\":0,\"HUM_STATUS\":0,\"HEAT_STATUS\":0,\"UV_STATUS\":0,\"OPTIONAL_STATUS\":0}","method":"POST","path":"publish"}
Relaying message to server
Message relayed to server
---------------------------------------
/DynoCloud/Queue {"headerList":[{"key":"Authorization","value":"Bearer 56me538k6mevqf41tvjqe10nqj"},{"key":"Content-Type","value":"application/json"}],"payload":"{\"dateTime\":\"2016-04-20 21:37:24\",\"centralNodeID\":1,\"userID\":2,\"CLIENTID\":1,\"TEMP\":75.803535,\"RH\":53.167137,\"OPTIONAL_LOAD\":0.0,\"HEAT_LOAD\":0.0,\"HUM_OR\":0,\"HEAT_OR\":0,\"UV_OR\":0,\"OPTIONAL_OR\":0,\"HUM_STATUS\":0,\"HEAT_STATUS\":0,\"UV_STATUS\":0,\"OPTIONAL_STATUS\":0}","method":"POST","path":"publish"}
Relaying message to server
Message relayed to server
---------------------------------------
/DynoCloud/Queue {"headerList":[{"key":"Authorization","value":"Bearer 56me538k6mevqf41tvjqe10nqj"},{"key":"Content-Type","value":"application/json"}],"payload":"{\"dateTime\":\"2016-04-20 21:37:27\",\"centralNodeID\":1,\"userID\":2,\"CLIENTID\":1,\"TEMP\":75.857086,\"RH\":53.22229,\"OPTIONAL_LOAD\":0.0,\"HEAT_LOAD\":0.0,\"HUM_OR\":0,\"HEAT_OR\":0,\"UV_OR\":0,\"OPTIONAL_OR\":0,\"HUM_STATUS\":0,\"HEAT_STATUS\":0,\"UV_STATUS\":0,\"OPTIONAL_STATUS\":0}","method":"POST","path":"publish"}
Relaying message to server
Message relayed to server
---------------------------------------
/DynoCloud/Queue {"headerList":[{"key":"Authorization","value":"Bearer 56me538k6mevqf41tvjqe10nqj"},{"key":"Content-Type","value":"application/json"}],"payload":"{\"dateTime\":\"2016-04-20 21:37:30\",\"centralNodeID\":1,\"userID\":2,\"CLIENTID\":1,\"TEMP\":75.85882,\"RH\":53.20989,\"OPTIONAL_LOAD\":0.0,\"HEAT_LOAD\":0.0,\"HUM_OR\":0,\"HEAT_OR\":0,\"UV_OR\":0,\"OPTIONAL_OR\":0,\"HUM_STATUS\":0,\"HEAT_STATUS\":0,\"UV_STATUS\":0,\"OPTIONAL_STATUS\":0}","method":"POST","path":"publish"}
Relaying message to server
Message relayed to server
---------------------------------------
/DynoCloud/Queue {"headerList":[{"key":"Authorization","value":"Bearer 56me538k6mevqf41tvjqe10nqj"},{"key":"Content-Type","value":"application/json"}],"payload":"{\"dateTime\":\"2016-04-20 21:37:33\",\"centralNodeID\":1,\"userID\":2,\"CLIENTID\":1,\"TEMP\":75.80032,\"RH\":53.263664,\"OPTIONAL_LOAD\":0.0,\"HEAT_LOAD\":0.0,\"HUM_OR\":0,\"HEAT_OR\":0,\"UV_OR\":0,\"OPTIONAL_OR\":0,\"HUM_STATUS\":0,\"HEAT_STATUS\":0,\"UV_STATUS\":0,\"OPTIONAL_STATUS\":0}","method":"POST","path":"publish"}
Relaying message to server
Message relayed to server
---------------------------------------
/DynoCloud/Queue {"headerList":[{"key":"Authorization","value":"Bearer 56me538k6mevqf41tvjqe10nqj"},{"key":"Content-Type","value":"application/json"}],"payload":"{\"dateTime\":\"2016-04-20 21:37:36\",\"centralNodeID\":1,\"userID\":2,\"CLIENTID\":1,\"TEMP\":75.84434,\"RH\":53.070187,\"OPTIONAL_LOAD\":0.0,\"HEAT_LOAD\":0.0,\"HUM_OR\":0,\"HEAT_OR\":0,\"UV_OR\":0,\"OPTIONAL_OR\":0,\"HUM_STATUS\":0,\"HEAT_STATUS\":0,\"UV_STATUS\":0,\"OPTIONAL_STATUS\":0}","method":"POST","path":"publish"}
Relaying message to server
Message relayed to server
---------------------------------------
/DynoCloud/Queue {"headerList":[{"key":"Authorization","value":"Bearer 56me538k6mevqf41tvjqe10nqj"},{"key":"Content-Type","value":"application/json"}],"payload":"{\"dateTime\":\"2016-04-20 21:37:39\",\"centralNodeID\":1,\"userID\":2,\"CLIENTID\":1,\"TEMP\":75.824394,\"RH\":52.967064,\"OPTIONAL_LOAD\":0.0,\"HEAT_LOAD\":0.0,\"HUM_OR\":0,\"HEAT_OR\":0,\"UV_OR\":0,\"OPTIONAL_OR\":0,\"HUM_STATUS\":0,\"HEAT_STATUS\":0,\"UV_STATUS\":0,\"OPTIONAL_STATUS\":0}","method":"POST","path":"publish"}
Relaying message to server
Message relayed to server
---------------------------------------
/DynoCloud/Queue {"headerList":[{"key":"Authorization","value":"Bearer 56me538k6mevqf41tvjqe10nqj"},{"key":"Content-Type","value":"application/json"}],"payload":"{\"dateTime\":\"2016-04-20 21:37:42\",\"centralNodeID\":1,\"userID\":2,\"CLIENTID\":1,\"TEMP\":75.79453,\"RH\":52.900314,\"OPTIONAL_LOAD\":0.0,\"HEAT_LOAD\":0.0,\"HUM_OR\":0,\"HEAT_OR\":0,\"UV_OR\":0,\"OPTIONAL_OR\":0,\"HUM_STATUS\":0,\"HEAT_STATUS\":0,\"UV_STATUS\":0,\"OPTIONAL_STATUS\":0}","method":"POST","path":"publish"}
Relaying message to server
Message relayed to server
---------------------------------------
/DynoCloud/Queue {"headerList":[{"key":"Authorization","value":"Bearer 56me538k6mevqf41tvjqe10nqj"},{"key":"Content-Type","value":"application/json"}],"payload":"{\"dateTime\":\"2016-04-20 21:37:45\",\"centralNodeID\":1,\"userID\":2,\"CLIENTID\":1,\"TEMP\":75.78046,\"RH\":52.900505,\"OPTIONAL_LOAD\":0.0,\"HEAT_LOAD\":0.0,\"HUM_OR\":0,\"HEAT_OR\":0,\"UV_OR\":0,\"OPTIONAL_OR\":0,\"HUM_STATUS\":0,\"HEAT_STATUS\":0,\"UV_STATUS\":0,\"OPTIONAL_STATUS\":0}","method":"POST","path":"publish"}
Relaying message to server
Message relayed to server
---------------------------------------
/DynoCloud/Queue {"headerList":[{"key":"Authorization","value":"Bearer 56me538k6mevqf41tvjqe10nqj"},{"key":"Content-Type","value":"application/json"}],"payload":"{\"dateTime\":\"2016-04-20 21:37:48\",\"centralNodeID\":1,\"userID\":2,\"CLIENTID\":1,\"TEMP\":75.824974,\"RH\":52.83036,\"OPTIONAL_LOAD\":0.0,\"HEAT_LOAD\":0.0,\"HUM_OR\":0,\"HEAT_OR\":0,\"UV_OR\":0,\"OPTIONAL_OR\":0,\"HUM_STATUS\":0,\"HEAT_STATUS\":0,\"UV_STATUS\":0,\"OPTIONAL_STATUS\":0}","method":"POST","path":"publish"}
Relaying message to server
Message relayed to server
---------------------------------------
/DynoCloud/Queue {"headerList":[{"key":"Authorization","value":"Bearer 56me538k6mevqf41tvjqe10nqj"},{"key":"Content-Type","value":"application/json"}],"payload":"{\"dateTime\":\"2016-04-20 21:37:51\",\"centralNodeID\":1,\"userID\":2,\"CLIENTID\":1,\"TEMP\":75.80065,\"RH\":52.88213,\"OPTIONAL_LOAD\":0.0,\"HEAT_LOAD\":0.0,\"HUM_OR\":0,\"HEAT_OR\":0,\"UV_OR\":0,\"OPTIONAL_OR\":0,\"HUM_STATUS\":0,\"HEAT_STATUS\":0,\"UV_STATUS\":0,\"OPTIONAL_STATUS\":0}","method":"POST","path":"publish"}
Relaying message to server
Message relayed to server
---------------------------------------
/DynoCloud/Queue {"headerList":[{"key":"Authorization","value":"Bearer 56me538k6mevqf41tvjqe10nqj"},{"key":"Content-Type","value":"application/json"}],"payload":"{\"dateTime\":\"2016-04-20 21:37:54\",\"centralNodeID\":1,\"userID\":2,\"CLIENTID\":1,\"TEMP\":75.83582,\"RH\":52.96246,\"OPTIONAL_LOAD\":0.0,\"HEAT_LOAD\":0.0,\"HUM_OR\":0,\"HEAT_OR\":0,\"UV_OR\":0,\"OPTIONAL_OR\":0,\"HUM_STATUS\":0,\"HEAT_STATUS\":0,\"UV_STATUS\":0,\"OPTIONAL_STATUS\":0}","method":"POST","path":"publish"}
Relaying message to server
Message relayed to server
---------------------------------------
/DynoCloud/Queue {"headerList":[{"key":"Authorization","value":"Bearer 56me538k6mevqf41tvjqe10nqj"},{"key":"Content-Type","value":"application/json"}],"payload":"{\"dateTime\":\"2016-04-20 21:37:57\",\"centralNodeID\":1,\"userID\":2,\"CLIENTID\":1,\"TEMP\":75.78144,\"RH\":52.95327,\"OPTIONAL_LOAD\":0.0,\"HEAT_LOAD\":0.0,\"HUM_OR\":0,\"HEAT_OR\":0,\"UV_OR\":0,\"OPTIONAL_OR\":0,\"HUM_STATUS\":0,\"HEAT_STATUS\":0,\"UV_STATUS\":0,\"OPTIONAL_STATUS\":0}","method":"POST","path":"publish"}
Relaying message to server
Message relayed to server
---------------------------------------
/DynoCloud/Queue {"headerList":[{"key":"Authorization","value":"Bearer 56me538k6mevqf41tvjqe10nqj"},{"key":"Content-Type","value":"application/json"}],"payload":"{\"dateTime\":\"2016-04-20 21:38:00\",\"centralNodeID\":1,\"userID\":2,\"CLIENTID\":1,\"TEMP\":75.80618,\"RH\":53.04203,\"OPTIONAL_LOAD\":0.0,\"HEAT_LOAD\":0.0,\"HUM_OR\":0,\"HEAT_OR\":0,\"UV_OR\":0,\"OPTIONAL_OR\":0,\"HUM_STATUS\":0,\"HEAT_STATUS\":0,\"UV_STATUS\":0,\"OPTIONAL_STATUS\":0}","method":"POST","path":"publish"}
Relaying message to server
Message relayed to server
---------------------------------------
/DynoCloud/Queue {"headerList":[{"key":"Authorization","value":"Bearer 56me538k6mevqf41tvjqe10nqj"},{"key":"Content-Type","value":"application/json"}],"payload":"{\"dateTime\":\"2016-04-20 21:38:03\",\"centralNodeID\":1,\"userID\":2,\"CLIENTID\":1,\"TEMP\":75.817116,\"RH\":53.048786,\"OPTIONAL_LOAD\":0.0,\"HEAT_LOAD\":0.0,\"HUM_OR\":0,\"HEAT_OR\":0,\"UV_OR\":0,\"OPTIONAL_OR\":0,\"HUM_STATUS\":0,\"HEAT_STATUS\":0,\"UV_STATUS\":0,\"OPTIONAL_STATUS\":0}","method":"POST","path":"publish"}
Relaying message to server
Message relayed to server
---------------------------------------
/DynoCloud/Queue {"headerList":[{"key":"Authorization","value":"Bearer 56me538k6mevqf41tvjqe10nqj"},{"key":"Content-Type","value":"application/json"}],"payload":"{\"dateTime\":\"2016-04-20 21:38:06\",\"centralNodeID\":1,\"userID\":2,\"CLIENTID\":1,\"TEMP\":75.81148,\"RH\":53.057384,\"OPTIONAL_LOAD\":0.0,\"HEAT_LOAD\":0.0,\"HUM_OR\":0,\"HEAT_OR\":0,\"UV_OR\":0,\"OPTIONAL_OR\":0,\"HUM_STATUS\":0,\"HEAT_STATUS\":0,\"UV_STATUS\":0,\"OPTIONAL_STATUS\":0}","method":"POST","path":"publish"}
Relaying message to server
Message relayed to server
---------------------------------------
/DynoCloud/Queue {"headerList":[{"key":"Authorization","value":"Bearer 56me538k6mevqf41tvjqe10nqj"},{"key":"Content-Type","value":"application/json"}],"payload":"{\"dateTime\":\"2016-04-20 21:38:09\",\"centralNodeID\":1,\"userID\":2,\"CLIENTID\":1,\"TEMP\":75.80487,\"RH\":53.117764,\"OPTIONAL_LOAD\":0.0,\"HEAT_LOAD\":0.0,\"HUM_OR\":0,\"HEAT_OR\":0,\"UV_OR\":0,\"OPTIONAL_OR\":0,\"HUM_STATUS\":0,\"HEAT_STATUS\":0,\"UV_STATUS\":0,\"OPTIONAL_STATUS\":0}","method":"POST","path":"publish"}
Relaying message to server
Message relayed to server
---------------------------------------
/DynoCloud/Queue {"headerList":[{"key":"Authorization","value":"Bearer 56me538k6mevqf41tvjqe10nqj"},{"key":"Content-Type","value":"application/json"}],"payload":"{\"dateTime\":\"2016-04-20 21:38:12\",\"centralNodeID\":1,\"userID\":2,\"CLIENTID\":1,\"TEMP\":75.77179,\"RH\":53.123356,\"OPTIONAL_LOAD\":0.0,\"HEAT_LOAD\":0.0,\"HUM_OR\":0,\"HEAT_OR\":0,\"UV_OR\":0,\"OPTIONAL_OR\":0,\"HUM_STATUS\":0,\"HEAT_STATUS\":0,\"UV_STATUS\":0,\"OPTIONAL_STATUS\":0}","method":"POST","path":"publish"}
Relaying message to server
Message relayed to server
---------------------------------------
/DynoCloud/Queue {"headerList":[{"key":"Authorization","value":"Bearer 56me538k6mevqf41tvjqe10nqj"},{"key":"Content-Type","value":"application/json"}],"payload":"{\"dateTime\":\"2016-04-20 21:38:15\",\"centralNodeID\":1,\"userID\":2,\"CLIENTID\":1,\"TEMP\":75.78981,\"RH\":53.054585,\"OPTIONAL_LOAD\":0.0,\"HEAT_LOAD\":0.0,\"HUM_OR\":0,\"HEAT_OR\":0,\"UV_OR\":0,\"OPTIONAL_OR\":0,\"HUM_STATUS\":0,\"HEAT_STATUS\":0,\"UV_STATUS\":0,\"OPTIONAL_STATUS\":0}","method":"POST","path":"publish"}
Relaying message to server
Message relayed to server
---------------------------------------
/DynoCloud/Queue {"headerList":[{"key":"Authorization","value":"Bearer 56me538k6mevqf41tvjqe10nqj"},{"key":"Content-Type","value":"application/json"}],"payload":"{\"dateTime\":\"2016-04-20 21:38:18\",\"centralNodeID\":1,\"userID\":2,\"CLIENTID\":1,\"TEMP\":75.80082,\"RH\":53.09919,\"OPTIONAL_LOAD\":0.0,\"HEAT_LOAD\":0.0,\"HUM_OR\":0,\"HEAT_OR\":0,\"UV_OR\":0,\"OPTIONAL_OR\":0,\"HUM_STATUS\":0,\"HEAT_STATUS\":0,\"UV_STATUS\":0,\"OPTIONAL_STATUS\":0}","method":"POST","path":"publish"}
Relaying message to server
Message relayed to server
---------------------------------------
/DynoCloud/Queue {"headerList":[{"key":"Authorization","value":"Bearer 56me538k6mevqf41tvjqe10nqj"},{"key":"Content-Type","value":"application/json"}],"payload":"{\"dateTime\":\"2016-04-20 21:38:21\",\"centralNodeID\":1,\"userID\":2,\"CLIENTID\":1,\"TEMP\":75.79122,\"RH\":53.09396,\"OPTIONAL_LOAD\":0.0,\"HEAT_LOAD\":0.0,\"HUM_OR\":0,\"HEAT_OR\":0,\"UV_OR\":0,\"OPTIONAL_OR\":0,\"HUM_STATUS\":0,\"HEAT_STATUS\":0,\"UV_STATUS\":0,\"OPTIONAL_STATUS\":0}","method":"POST","path":"publish"}
Relaying message to server
Message relayed to server
---------------------------------------
/DynoCloud/Queue {"headerList":[{"key":"Authorization","value":"Bearer 56me538k6mevqf41tvjqe10nqj"},{"key":"Content-Type","value":"application/json"}],"payload":"{\"dateTime\":\"2016-04-20 21:38:24\",\"centralNodeID\":1,\"userID\":2,\"CLIENTID\":1,\"TEMP\":75.83765,\"RH\":53.155136,\"OPTIONAL_LOAD\":0.0,\"HEAT_LOAD\":0.0,\"HUM_OR\":0,\"HEAT_OR\":0,\"UV_OR\":0,\"OPTIONAL_OR\":0,\"HUM_STATUS\":0,\"HEAT_STATUS\":0,\"UV_STATUS\":0,\"OPTIONAL_STATUS\":0}","method":"POST","path":"publish"}
Relaying message to server
Message relayed to server
---------------------------------------
/DynoCloud/Queue {"headerList":[{"key":"Authorization","value":"Bearer 56me538k6mevqf41tvjqe10nqj"},{"key":"Content-Type","value":"application/json"}],"payload":"{\"dateTime\":\"2016-04-20 21:38:27\",\"centralNodeID\":1,\"userID\":2,\"CLIENTID\":1,\"TEMP\":75.82795,\"RH\":53.134342,\"OPTIONAL_LOAD\":0.0,\"HEAT_LOAD\":0.0,\"HUM_OR\":0,\"HEAT_OR\":0,\"UV_OR\":0,\"OPTIONAL_OR\":0,\"HUM_STATUS\":0,\"HEAT_STATUS\":0,\"UV_STATUS\":0,\"OPTIONAL_STATUS\":0}","method":"POST","path":"publish"}
Relaying message to server
Message relayed to server
---------------------------------------
/DynoCloud/Queue {"headerList":[{"key":"Authorization","value":"Bearer 56me538k6mevqf41tvjqe10nqj"},{"key":"Content-Type","value":"application/json"}],"payload":"{\"dateTime\":\"2016-04-20 21:38:30\",\"centralNodeID\":1,\"userID\":2,\"CLIENTID\":1,\"TEMP\":75.83035,\"RH\":53.175316,\"OPTIONAL_LOAD\":0.0,\"HEAT_LOAD\":0.0,\"HUM_OR\":0,\"HEAT_OR\":0,\"UV_OR\":0,\"OPTIONAL_OR\":0,\"HUM_STATUS\":0,\"HEAT_STATUS\":0,\"UV_STATUS\":0,\"OPTIONAL_STATUS\":0}","method":"POST","path":"publish"}
Relaying message to server
Message relayed to server
---------------------------------------
/DynoCloud/Queue {"headerList":[{"key":"Authorization","value":"Bearer 56me538k6mevqf41tvjqe10nqj"},{"key":"Content-Type","value":"application/json"}],"payload":"{\"dateTime\":\"2016-04-20 21:38:33\",\"centralNodeID\":1,\"userID\":2,\"CLIENTID\":1,\"TEMP\":75.78179,\"RH\":53.207905,\"OPTIONAL_LOAD\":0.0,\"HEAT_LOAD\":0.0,\"HUM_OR\":0,\"HEAT_OR\":0,\"UV_OR\":0,\"OPTIONAL_OR\":0,\"HUM_STATUS\":0,\"HEAT_STATUS\":0,\"UV_STATUS\":0,\"OPTIONAL_STATUS\":0}","method":"POST","path":"publish"}
Relaying message to server
Message relayed to server
---------------------------------------
/DynoCloud/Queue {"headerList":[{"key":"Authorization","value":"Bearer 56me538k6mevqf41tvjqe10nqj"},{"key":"Content-Type","value":"application/json"}],"payload":"{\"dateTime\":\"2016-04-20 21:38:36\",\"centralNodeID\":1,\"userID\":2,\"CLIENTID\":1,\"TEMP\":75.79254,\"RH\":53.258667,\"OPTIONAL_LOAD\":0.0,\"HEAT_LOAD\":0.0,\"HUM_OR\":0,\"HEAT_OR\":0,\"UV_OR\":0,\"OPTIONAL_OR\":0,\"HUM_STATUS\":0,\"HEAT_STATUS\":0,\"UV_STATUS\":0,\"OPTIONAL_STATUS\":0}","method":"POST","path":"publish"}
Relaying message to server
Message relayed to server
---------------------------------------
/DynoCloud/Queue {"headerList":[{"key":"Authorization","value":"Bearer 56me538k6mevqf41tvjqe10nqj"},{"key":"Content-Type","value":"application/json"}],"payload":"{\"dateTime\":\"2016-04-20 21:38:39\",\"centralNodeID\":1,\"userID\":2,\"CLIENTID\":1,\"TEMP\":75.79007,\"RH\":53.221672,\"OPTIONAL_LOAD\":0.0,\"HEAT_LOAD\":0.0,\"HUM_OR\":0,\"HEAT_OR\":0,\"UV_OR\":0,\"OPTIONAL_OR\":0,\"HUM_STATUS\":0,\"HEAT_STATUS\":0,\"UV_STATUS\":0,\"OPTIONAL_STATUS\":0}","method":"POST","path":"publish"}
Relaying message to server
Message relayed to server
---------------------------------------
/DynoCloud/Queue {"headerList":[{"key":"Authorization","value":"Bearer 56me538k6mevqf41tvjqe10nqj"},{"key":"Content-Type","value":"application/json"}],"payload":"{\"dateTime\":\"2016-04-20 21:38:42\",\"centralNodeID\":1,\"userID\":2,\"CLIENTID\":1,\"TEMP\":75.848816,\"RH\":53.21189,\"OPTIONAL_LOAD\":0.0,\"HEAT_LOAD\":0.0,\"HUM_OR\":0,\"HEAT_OR\":0,\"UV_OR\":0,\"OPTIONAL_OR\":0,\"HUM_STATUS\":0,\"HEAT_STATUS\":0,\"UV_STATUS\":0,\"OPTIONAL_STATUS\":0}","method":"POST","path":"publish"}
Relaying message to server
Message relayed to server
---------------------------------------
/DynoCloud/Queue {"headerList":[{"key":"Authorization","value":"Bearer 56me538k6mevqf41tvjqe10nqj"},{"key":"Content-Type","value":"application/json"}],"payload":"{\"dateTime\":\"2016-04-20 21:38:45\",\"centralNodeID\":1,\"userID\":2,\"CLIENTID\":1,\"TEMP\":75.78725,\"RH\":53.41595,\"OPTIONAL_LOAD\":0.0,\"HEAT_LOAD\":0.0,\"HUM_OR\":0,\"HEAT_OR\":0,\"UV_OR\":0,\"OPTIONAL_OR\":0,\"HUM_STATUS\":0,\"HEAT_STATUS\":0,\"UV_STATUS\":0,\"OPTIONAL_STATUS\":0}","method":"POST","path":"publish"}
Relaying message to server
Message relayed to server
---------------------------------------
/DynoCloud/Queue {"headerList":[{"key":"Authorization","value":"Bearer 56me538k6mevqf41tvjqe10nqj"},{"key":"Content-Type","value":"application/json"}],"payload":"{\"dateTime\":\"2016-04-20 21:38:48\",\"centralNodeID\":1,\"userID\":2,\"CLIENTID\":1,\"TEMP\":75.7659,\"RH\":53.36939,\"OPTIONAL_LOAD\":0.0,\"HEAT_LOAD\":0.0,\"HUM_OR\":0,\"HEAT_OR\":0,\"UV_OR\":0,\"OPTIONAL_OR\":0,\"HUM_STATUS\":0,\"HEAT_STATUS\":0,\"UV_STATUS\":0,\"OPTIONAL_STATUS\":0}","method":"POST","path":"publish"}
Relaying message to server
Message relayed to server
---------------------------------------
/DynoCloud/Queue {"headerList":[{"key":"Authorization","value":"Bearer 56me538k6mevqf41tvjqe10nqj"},{"key":"Content-Type","value":"application/json"}],"payload":"{\"dateTime\":\"2016-04-20 21:38:51\",\"centralNodeID\":1,\"userID\":2,\"CLIENTID\":1,\"TEMP\":75.798996,\"RH\":53.415764,\"OPTIONAL_LOAD\":0.0,\"HEAT_LOAD\":0.0,\"HUM_OR\":0,\"HEAT_OR\":0,\"UV_OR\":0,\"OPTIONAL_OR\":0,\"HUM_STATUS\":0,\"HEAT_STATUS\":0,\"UV_STATUS\":0,\"OPTIONAL_STATUS\":0}","method":"POST","path":"publish"}
Relaying message to server
Message relayed to server
---------------------------------------
/DynoCloud/Queue {"headerList":[{"key":"Authorization","value":"Bearer 56me538k6mevqf41tvjqe10nqj"},{"key":"Content-Type","value":"application/json"}],"payload":"{\"dateTime\":\"2016-04-20 21:38:54\",\"centralNodeID\":1,\"userID\":2,\"CLIENTID\":1,\"TEMP\":75.80173,\"RH\":53.42556,\"OPTIONAL_LOAD\":0.0,\"HEAT_LOAD\":0.0,\"HUM_OR\":0,\"HEAT_OR\":0,\"UV_OR\":0,\"OPTIONAL_OR\":0,\"HUM_STATUS\":0,\"HEAT_STATUS\":0,\"UV_STATUS\":0,\"OPTIONAL_STATUS\":0}","method":"POST","path":"publish"}
Relaying message to server
Message relayed to server
---------------------------------------
/DynoCloud/Queue {"headerList":[{"key":"Authorization","value":"Bearer 56me538k6mevqf41tvjqe10nqj"},{"key":"Content-Type","value":"application/json"}],"payload":"{\"dateTime\":\"2016-04-20 21:38:57\",\"centralNodeID\":1,\"userID\":2,\"CLIENTID\":1,\"TEMP\":75.77268,\"RH\":53.376392,\"OPTIONAL_LOAD\":0.0,\"HEAT_LOAD\":0.0,\"HUM_OR\":0,\"HEAT_OR\":0,\"UV_OR\":0,\"OPTIONAL_OR\":0,\"HUM_STATUS\":0,\"HEAT_STATUS\":0,\"UV_STATUS\":0,\"OPTIONAL_STATUS\":0}","method":"POST","path":"publish"}
Relaying message to server
Message relayed to server
---------------------------------------
/DynoCloud/Queue {"headerList":[{"key":"Authorization","value":"Bearer 56me538k6mevqf41tvjqe10nqj"},{"key":"Content-Type","value":"application/json"}],"payload":"{\"dateTime\":\"2016-04-20 21:39:00\",\"centralNodeID\":1,\"userID\":2,\"CLIENTID\":1,\"TEMP\":75.799324,\"RH\":53.394585,\"OPTIONAL_LOAD\":0.0,\"HEAT_LOAD\":0.0,\"HUM_OR\":0,\"HEAT_OR\":0,\"UV_OR\":0,\"OPTIONAL_OR\":0,\"HUM_STATUS\":0,\"HEAT_STATUS\":0,\"UV_STATUS\":0,\"OPTIONAL_STATUS\":0}","method":"POST","path":"publish"}
Relaying message to server
Message relayed to server
---------------------------------------
/DynoCloud/Queue {"headerList":[{"key":"Authorization","value":"Bearer 56me538k6mevqf41tvjqe10nqj"},{"key":"Content-Type","value":"application/json"}],"payload":"{\"dateTime\":\"2016-04-20 21:39:03\",\"centralNodeID\":1,\"userID\":2,\"CLIENTID\":1,\"TEMP\":75.79676,\"RH\":53.49111,\"OPTIONAL_LOAD\":0.0,\"HEAT_LOAD\":0.0,\"HUM_OR\":0,\"HEAT_OR\":0,\"UV_OR\":0,\"OPTIONAL_OR\":0,\"HUM_STATUS\":0,\"HEAT_STATUS\":0,\"UV_STATUS\":0,\"OPTIONAL_STATUS\":0}","method":"POST","path":"publish"}
Relaying message to server
Message relayed to server
---------------------------------------
/DynoCloud/Queue {"headerList":[{"key":"Authorization","value":"Bearer 56me538k6mevqf41tvjqe10nqj"},{"key":"Content-Type","value":"application/json"}],"payload":"{\"dateTime\":\"2016-04-20 21:39:06\",\"centralNodeID\":1,\"userID\":2,\"CLIENTID\":1,\"TEMP\":75.81538,\"RH\":53.56666,\"OPTIONAL_LOAD\":0.0,\"HEAT_LOAD\":0.0,\"HUM_OR\":0,\"HEAT_OR\":0,\"UV_OR\":0,\"OPTIONAL_OR\":0,\"HUM_STATUS\":0,\"HEAT_STATUS\":0,\"UV_STATUS\":0,\"OPTIONAL_STATUS\":0}","method":"POST","path":"publish"}
Relaying message to server
Message relayed to server
---------------------------------------
/DynoCloud/Queue {"headerList":[{"key":"Authorization","value":"Bearer 56me538k6mevqf41tvjqe10nqj"},{"key":"Content-Type","value":"application/json"}],"payload":"{\"dateTime\":\"2016-04-20 21:39:09\",\"centralNodeID\":1,\"userID\":2,\"CLIENTID\":1,\"TEMP\":75.747375,\"RH\":53.60882,\"OPTIONAL_LOAD\":0.0,\"HEAT_LOAD\":0.0,\"HUM_OR\":0,\"HEAT_OR\":0,\"UV_OR\":0,\"OPTIONAL_OR\":0,\"HUM_STATUS\":0,\"HEAT_STATUS\":0,\"UV_STATUS\":0,\"OPTIONAL_STATUS\":0}","method":"POST","path":"publish"}
Relaying message to server
Message relayed to server
---------------------------------------
/DynoCloud/Queue {"headerList":[{"key":"Authorization","value":"Bearer 56me538k6mevqf41tvjqe10nqj"},{"key":"Content-Type","value":"application/json"}],"payload":"{\"dateTime\":\"2016-04-20 21:39:12\",\"centralNodeID\":1,\"userID\":2,\"CLIENTID\":1,\"TEMP\":75.79071,\"RH\":53.568657,\"OPTIONAL_LOAD\":0.0,\"HEAT_LOAD\":0.0,\"HUM_OR\":0,\"HEAT_OR\":0,\"UV_OR\":0,\"OPTIONAL_OR\":0,\"HUM_STATUS\":0,\"HEAT_STATUS\":0,\"UV_STATUS\":0,\"OPTIONAL_STATUS\":0}","method":"POST","path":"publish"}
Relaying message to server
Message relayed to server
---------------------------------------
/DynoCloud/Queue {"headerList":[{"key":"Authorization","value":"Bearer 56me538k6mevqf41tvjqe10nqj"},{"key":"Content-Type","value":"application/json"}],"payload":"{\"dateTime\":\"2016-04-20 21:39:15\",\"centralNodeID\":1,\"userID\":2,\"CLIENTID\":1,\"TEMP\":75.78627,\"RH\":53.60362,\"OPTIONAL_LOAD\":0.0,\"HEAT_LOAD\":0.0,\"HUM_OR\":0,\"HEAT_OR\":0,\"UV_OR\":0,\"OPTIONAL_OR\":0,\"HUM_STATUS\":0,\"HEAT_STATUS\":0,\"UV_STATUS\":0,\"OPTIONAL_STATUS\":0}","method":"POST","path":"publish"}
Relaying message to server
Message relayed to server
---------------------------------------
/DynoCloud/Queue {"headerList":[{"key":"Authorization","value":"Bearer 56me538k6mevqf41tvjqe10nqj"},{"key":"Content-Type","value":"application/json"}],"payload":"{\"dateTime\":\"2016-04-20 21:39:18\",\"centralNodeID\":1,\"userID\":2,\"CLIENTID\":1,\"TEMP\":75.774345,\"RH\":53.54425,\"OPTIONAL_LOAD\":0.0,\"HEAT_LOAD\":0.0,\"HUM_OR\":0,\"HEAT_OR\":0,\"UV_OR\":0,\"OPTIONAL_OR\":0,\"HUM_STATUS\":0,\"HEAT_STATUS\":0,\"UV_STATUS\":0,\"OPTIONAL_STATUS\":0}","method":"POST","path":"publish"}
Relaying message to server
Message relayed to server
---------------------------------------
/DynoCloud/Queue {"headerList":[{"key":"Authorization","value":"Bearer 56me538k6mevqf41tvjqe10nqj"},{"key":"Content-Type","value":"application/json"}],"payload":"{\"dateTime\":\"2016-04-20 21:39:21\",\"centralNodeID\":1,\"userID\":2,\"CLIENTID\":1,\"TEMP\":75.76746,\"RH\":53.521687,\"OPTIONAL_LOAD\":0.0,\"HEAT_LOAD\":0.0,\"HUM_OR\":0,\"HEAT_OR\":0,\"UV_OR\":0,\"OPTIONAL_OR\":0,\"HUM_STATUS\":0,\"HEAT_STATUS\":0,\"UV_STATUS\":0,\"OPTIONAL_STATUS\":0}","method":"POST","path":"publish"}
Relaying message to server
Message relayed to server
---------------------------------------
/DynoCloud/Queue {"headerList":[{"key":"Authorization","value":"Bearer 56me538k6mevqf41tvjqe10nqj"},{"key":"Content-Type","value":"application/json"}],"payload":"{\"dateTime\":\"2016-04-20 21:39:24\",\"centralNodeID\":1,\"userID\":2,\"CLIENTID\":1,\"TEMP\":75.80314,\"RH\":53.45373,\"OPTIONAL_LOAD\":0.0,\"HEAT_LOAD\":0.0,\"HUM_OR\":0,\"HEAT_OR\":0,\"UV_OR\":0,\"OPTIONAL_OR\":0,\"HUM_STATUS\":0,\"HEAT_STATUS\":0,\"UV_STATUS\":0,\"OPTIONAL_STATUS\":0}","method":"POST","path":"publish"}
Relaying message to server
Message relayed to server
---------------------------------------
/DynoCloud/Queue {"headerList":[{"key":"Authorization","value":"Bearer 56me538k6mevqf41tvjqe10nqj"},{"key":"Content-Type","value":"application/json"}],"payload":"{\"dateTime\":\"2016-04-20 21:39:27\",\"centralNodeID\":1,\"userID\":2,\"CLIENTID\":1,\"TEMP\":75.77675,\"RH\":53.49672,\"OPTIONAL_LOAD\":0.0,\"HEAT_LOAD\":0.0,\"HUM_OR\":0,\"HEAT_OR\":0,\"UV_OR\":0,\"OPTIONAL_OR\":0,\"HUM_STATUS\":0,\"HEAT_STATUS\":0,\"UV_STATUS\":0,\"OPTIONAL_STATUS\":0}","method":"POST","path":"publish"}
Relaying message to server
Message relayed to server
---------------------------------------
/DynoCloud/Queue {"headerList":[{"key":"Authorization","value":"Bearer 56me538k6mevqf41tvjqe10nqj"},{"key":"Content-Type","value":"application/json"}],"payload":"{\"dateTime\":\"2016-04-20 21:39:30\",\"centralNodeID\":1,\"userID\":2,\"CLIENTID\":1,\"TEMP\":75.79808,\"RH\":53.586826,\"OPTIONAL_LOAD\":0.0,\"HEAT_LOAD\":0.0,\"HUM_OR\":0,\"HEAT_OR\":0,\"UV_OR\":0,\"OPTIONAL_OR\":0,\"HUM_STATUS\":0,\"HEAT_STATUS\":0,\"UV_STATUS\":0,\"OPTIONAL_STATUS\":0}","method":"POST","path":"publish"}
Relaying message to server
Message relayed to server
---------------------------------------
/DynoCloud/Queue {"headerList":[{"key":"Authorization","value":"Bearer 56me538k6mevqf41tvjqe10nqj"},{"key":"Content-Type","value":"application/json"}],"payload":"{\"dateTime\":\"2016-04-20 21:39:33\",\"centralNodeID\":1,\"userID\":2,\"CLIENTID\":1,\"TEMP\":75.75458,\"RH\":53.684772,\"OPTIONAL_LOAD\":0.0,\"HEAT_LOAD\":0.0,\"HUM_OR\":0,\"HEAT_OR\":0,\"UV_OR\":0,\"OPTIONAL_OR\":0,\"HUM_STATUS\":0,\"HEAT_STATUS\":0,\"UV_STATUS\":0,\"OPTIONAL_STATUS\":0}","method":"POST","path":"publish"}
Relaying message to server
Message relayed to server
---------------------------------------
/DynoCloud/Queue {"headerList":[{"key":"Authorization","value":"Bearer 56me538k6mevqf41tvjqe10nqj"},{"key":"Content-Type","value":"application/json"}],"payload":"{\"dateTime\":\"2016-04-20 21:39:36\",\"centralNodeID\":1,\"userID\":2,\"CLIENTID\":1,\"TEMP\":75.79188,\"RH\":53.58983,\"OPTIONAL_LOAD\":0.0,\"HEAT_LOAD\":0.0,\"HUM_OR\":0,\"HEAT_OR\":0,\"UV_OR\":0,\"OPTIONAL_OR\":0,\"HUM_STATUS\":0,\"HEAT_STATUS\":0,\"UV_STATUS\":0,\"OPTIONAL_STATUS\":0}","method":"POST","path":"publish"}
Relaying message to server
Message relayed to server
---------------------------------------
/DynoCloud/Queue {"headerList":[{"key":"Authorization","value":"Bearer 56me538k6mevqf41tvjqe10nqj"},{"key":"Content-Type","value":"application/json"}],"payload":"{\"dateTime\":\"2016-04-20 21:42:27\",\"centralNodeID\":1,\"userID\":2,\"CLIENTID\":1,\"TEMP\":75.73769,\"RH\":53.40916,\"OPTIONAL_LOAD\":0.0,\"HEAT_LOAD\":0.0,\"HUM_OR\":0,\"HEAT_OR\":0,\"UV_OR\":0,\"OPTIONAL_OR\":0,\"HUM_STATUS\":0,\"HEAT_STATUS\":0,\"UV_STATUS\":0,\"OPTIONAL_STATUS\":0}","method":"POST","path":"publish"}
Relaying message to server
Message relayed to server
---------------------------------------
/DynoCloud/Queue {"headerList":[{"key":"Authorization","value":"Bearer 56me538k6mevqf41tvjqe10nqj"},{"key":"Content-Type","value":"application/json"}],"payload":"{\"dateTime\":\"2016-04-20 21:42:30\",\"centralNodeID\":1,\"userID\":2,\"CLIENTID\":1,\"TEMP\":75.75805,\"RH\":53.419956,\"OPTIONAL_LOAD\":0.0,\"HEAT_LOAD\":0.0,\"HUM_OR\":0,\"HEAT_OR\":0,\"UV_OR\":0,\"OPTIONAL_OR\":0,\"HUM_STATUS\":0,\"HEAT_STATUS\":0,\"UV_STATUS\":0,\"OPTIONAL_STATUS\":0}","method":"POST","path":"publish"}
Relaying message to server
Message relayed to server
---------------------------------------
/DynoCloud/Queue {"headerList":[{"key":"Authorization","value":"Bearer 56me538k6mevqf41tvjqe10nqj"},{"key":"Content-Type","value":"application/json"}],"payload":"{\"dateTime\":\"2016-04-20 21:42:33\",\"centralNodeID\":1,\"userID\":2,\"CLIENTID\":1,\"TEMP\":75.78179,\"RH\":53.432343,\"OPTIONAL_LOAD\":0.0,\"HEAT_LOAD\":0.0,\"HUM_OR\":0,\"HEAT_OR\":0,\"UV_OR\":0,\"OPTIONAL_OR\":0,\"HUM_STATUS\":0,\"HEAT_STATUS\":0,\"UV_STATUS\":0,\"OPTIONAL_STATUS\":0}","method":"POST","path":"publish"}
Relaying message to server
Message relayed to server
---------------------------------------
/DynoCloud/Queue {"headerList":[{"key":"Authorization","value":"Bearer 56me538k6mevqf41tvjqe10nqj"},{"key":"Content-Type","value":"application/json"}],"payload":"{\"dateTime\":\"2016-04-20 21:42:36\",\"centralNodeID\":1,\"userID\":2,\"CLIENTID\":1,\"TEMP\":75.76384,\"RH\":53.486706,\"OPTIONAL_LOAD\":0.0,\"HEAT_LOAD\":0.0,\"HUM_OR\":0,\"HEAT_OR\":0,\"UV_OR\":0,\"OPTIONAL_OR\":0,\"HUM_STATUS\":0,\"HEAT_STATUS\":0,\"UV_STATUS\":0,\"OPTIONAL_STATUS\":0}","method":"POST","path":"publish"}
Relaying message to server
Message relayed to server
---------------------------------------
/DynoCloud/Queue {"headerList":[{"key":"Authorization","value":"Bearer 56me538k6mevqf41tvjqe10nqj"},{"key":"Content-Type","value":"application/json"}],"payload":"{\"dateTime\":\"2016-04-20 21:42:39\",\"centralNodeID\":1,\"userID\":2,\"CLIENTID\":1,\"TEMP\":75.8077,\"RH\":53.414757,\"OPTIONAL_LOAD\":0.0,\"HEAT_LOAD\":0.0,\"HUM_OR\":0,\"HEAT_OR\":0,\"UV_OR\":0,\"OPTIONAL_OR\":0,\"HUM_STATUS\":0,\"HEAT_STATUS\":0,\"UV_STATUS\":0,\"OPTIONAL_STATUS\":0}","method":"POST","path":"publish"}
Relaying message to server
Message relayed to server
---------------------------------------
/DynoCloud/Queue {"headerList":[{"key":"Authorization","value":"Bearer 56me538k6mevqf41tvjqe10nqj"},{"key":"Content-Type","value":"application/json"}],"payload":"{\"dateTime\":\"2016-04-20 21:42:42\",\"centralNodeID\":1,\"userID\":2,\"CLIENTID\":1,\"TEMP\":75.78932,\"RH\":53.32382,\"OPTIONAL_LOAD\":0.0,\"HEAT_LOAD\":0.0,\"HUM_OR\":0,\"HEAT_OR\":0,\"UV_OR\":0,\"OPTIONAL_OR\":0,\"HUM_STATUS\":0,\"HEAT_STATUS\":0,\"UV_STATUS\":0,\"OPTIONAL_STATUS\":0}","method":"POST","path":"publish"}
Relaying message to server
Message relayed to server
---------------------------------------
/DynoCloud/Queue {"headerList":[{"key":"Authorization","value":"Bearer 56me538k6mevqf41tvjqe10nqj"},{"key":"Content-Type","value":"application/json"}],"payload":"{\"dateTime\":\"2016-04-20 21:42:45\",\"centralNodeID\":1,\"userID\":2,\"CLIENTID\":1,\"TEMP\":75.76153,\"RH\":53.278046,\"OPTIONAL_LOAD\":0.0,\"HEAT_LOAD\":0.0,\"HUM_OR\":0,\"HEAT_OR\":0,\"UV_OR\":0,\"OPTIONAL_OR\":0,\"HUM_STATUS\":0,\"HEAT_STATUS\":0,\"UV_STATUS\":0,\"OPTIONAL_STATUS\":0}","method":"POST","path":"publish"}
Relaying message to server
Message relayed to server
---------------------------------------
/DynoCloud/Queue {"headerList":[{"key":"Authorization","value":"Bearer 56me538k6mevqf41tvjqe10nqj"},{"key":"Content-Type","value":"application/json"}],"payload":"{\"dateTime\":\"2016-04-20 21:42:48\",\"centralNodeID\":1,\"userID\":2,\"CLIENTID\":1,\"TEMP\":75.71626,\"RH\":53.23807,\"OPTIONAL_LOAD\":0.0,\"HEAT_LOAD\":0.0,\"HUM_OR\":0,\"HEAT_OR\":0,\"UV_OR\":0,\"OPTIONAL_OR\":0,\"HUM_STATUS\":0,\"HEAT_STATUS\":0,\"UV_STATUS\":0,\"OPTIONAL_STATUS\":0}","method":"POST","path":"publish"}
Relaying message to server
Message relayed to server
---------------------------------------
/DynoCloud/Queue {"headerList":[{"key":"Authorization","value":"Bearer 56me538k6mevqf41tvjqe10nqj"},{"key":"Content-Type","value":"application/json"}],"payload":"{\"dateTime\":\"2016-04-20 21:42:51\",\"centralNodeID\":1,\"userID\":2,\"CLIENTID\":1,\"TEMP\":75.78147,\"RH\":53.125755,\"OPTIONAL_LOAD\":0.0,\"HEAT_LOAD\":0.0,\"HUM_OR\":0,\"HEAT_OR\":0,\"UV_OR\":0,\"OPTIONAL_OR\":0,\"HUM_STATUS\":0,\"HEAT_STATUS\":0,\"UV_STATUS\":0,\"OPTIONAL_STATUS\":0}","method":"POST","path":"publish"}
Relaying message to server
Message relayed to server
---------------------------------------
/DynoCloud/Queue {"headerList":[{"key":"Authorization","value":"Bearer 56me538k6mevqf41tvjqe10nqj"},{"key":"Content-Type","value":"application/json"}],"payload":"{\"dateTime\":\"2016-04-20 21:42:54\",\"centralNodeID\":1,\"userID\":2,\"CLIENTID\":1,\"TEMP\":75.72172,\"RH\":53.17171,\"OPTIONAL_LOAD\":0.0,\"HEAT_LOAD\":0.0,\"HUM_OR\":0,\"HEAT_OR\":0,\"UV_OR\":0,\"OPTIONAL_OR\":0,\"HUM_STATUS\":0,\"HEAT_STATUS\":0,\"UV_STATUS\":0,\"OPTIONAL_STATUS\":0}","method":"POST","path":"publish"}
Relaying message to server
Message relayed to server
---------------------------------------
/DynoCloud/Queue {"headerList":[{"key":"Authorization","value":"Bearer 56me538k6mevqf41tvjqe10nqj"},{"key":"Content-Type","value":"application/json"}],"payload":"{\"dateTime\":\"2016-04-20 21:42:57\",\"centralNodeID\":1,\"userID\":2,\"CLIENTID\":1,\"TEMP\":75.78668,\"RH\":53.20769,\"OPTIONAL_LOAD\":0.0,\"HEAT_LOAD\":0.0,\"HUM_OR\":0,\"HEAT_OR\":0,\"UV_OR\":0,\"OPTIONAL_OR\":0,\"HUM_STATUS\":0,\"HEAT_STATUS\":0,\"UV_STATUS\":0,\"OPTIONAL_STATUS\":0}","method":"POST","path":"publish"}
Relaying message to server
Message relayed to server
---------------------------------------
/DynoCloud/Queue {"headerList":[{"key":"Authorization","value":"Bearer 56me538k6mevqf41tvjqe10nqj"},{"key":"Content-Type","value":"application/json"}],"payload":"{\"dateTime\":\"2016-04-20 21:43:00\",\"centralNodeID\":1,\"userID\":2,\"CLIENTID\":1,\"TEMP\":75.776505,\"RH\":53.214897,\"OPTIONAL_LOAD\":0.0,\"HEAT_LOAD\":0.0,\"HUM_OR\":0,\"HEAT_OR\":0,\"UV_OR\":0,\"OPTIONAL_OR\":0,\"HUM_STATUS\":0,\"HEAT_STATUS\":0,\"UV_STATUS\":0,\"OPTIONAL_STATUS\":0}","method":"POST","path":"publish"}
Relaying message to server
Message relayed to server
---------------------------------------
/DynoCloud/Queue {"headerList":[{"key":"Authorization","value":"Bearer 56me538k6mevqf41tvjqe10nqj"},{"key":"Content-Type","value":"application/json"}],"payload":"{\"dateTime\":\"2016-04-20 21:43:03\",\"centralNodeID\":1,\"userID\":2,\"CLIENTID\":1,\"TEMP\":75.76012,\"RH\":53.1943,\"OPTIONAL_LOAD\":0.0,\"HEAT_LOAD\":0.0,\"HUM_OR\":0,\"HEAT_OR\":0,\"UV_OR\":0,\"OPTIONAL_OR\":0,\"HUM_STATUS\":0,\"HEAT_STATUS\":0,\"UV_STATUS\":0,\"OPTIONAL_STATUS\":0}","method":"POST","path":"publish"}
Relaying message to server
Message relayed to server
---------------------------------------
/DynoCloud/Queue {"headerList":[{"key":"Authorization","value":"Bearer 56me538k6mevqf41tvjqe10nqj"},{"key":"Content-Type","value":"application/json"}],"payload":"{\"dateTime\":\"2016-04-20 21:43:06\",\"centralNodeID\":1,\"userID\":2,\"CLIENTID\":1,\"TEMP\":75.789825,\"RH\":53.363796,\"OPTIONAL_LOAD\":0.0,\"HEAT_LOAD\":0.0,\"HUM_OR\":0,\"HEAT_OR\":0,\"UV_OR\":0,\"OPTIONAL_OR\":0,\"HUM_STATUS\":0,\"HEAT_STATUS\":0,\"UV_STATUS\":0,\"OPTIONAL_STATUS\":0}","method":"POST","path":"publish"}
Relaying message to server
Message relayed to server
---------------------------------------
/DynoCloud/Queue {"headerList":[{"key":"Authorization","value":"Bearer 56me538k6mevqf41tvjqe10nqj"},{"key":"Content-Type","value":"application/json"}],"payload":"{\"dateTime\":\"2016-04-20 21:43:09\",\"centralNodeID\":1,\"userID\":2,\"CLIENTID\":1,\"TEMP\":75.77659,\"RH\":53.273445,\"OPTIONAL_LOAD\":0.0,\"HEAT_LOAD\":0.0,\"HUM_OR\":0,\"HEAT_OR\":0,\"UV_OR\":0,\"OPTIONAL_OR\":0,\"HUM_STATUS\":0,\"HEAT_STATUS\":0,\"UV_STATUS\":0,\"OPTIONAL_STATUS\":0}","method":"POST","path":"publish"}
Relaying message to server
Message relayed to server
---------------------------------------
/DynoCloud/Queue {"headerList":[{"key":"Authorization","value":"Bearer 56me538k6mevqf41tvjqe10nqj"},{"key":"Content-Type","value":"application/json"}],"payload":"{\"dateTime\":\"2016-04-20 21:43:12\",\"centralNodeID\":1,\"userID\":2,\"CLIENTID\":1,\"TEMP\":75.74374,\"RH\":53.252052,\"OPTIONAL_LOAD\":0.0,\"HEAT_LOAD\":0.0,\"HUM_OR\":0,\"HEAT_OR\":0,\"UV_OR\":0,\"OPTIONAL_OR\":0,\"HUM_STATUS\":0,\"HEAT_STATUS\":0,\"UV_STATUS\":0,\"OPTIONAL_STATUS\":0}","method":"POST","path":"publish"}
Relaying message to server
Message relayed to server
---------------------------------------
/DynoCloud/Queue {"headerList":[{"key":"Authorization","value":"Bearer 56me538k6mevqf41tvjqe10nqj"},{"key":"Content-Type","value":"application/json"}],"payload":"{\"dateTime\":\"2016-04-20 21:43:15\",\"centralNodeID\":1,\"userID\":2,\"CLIENTID\":1,\"TEMP\":75.75689,\"RH\":53.250263,\"OPTIONAL_LOAD\":0.0,\"HEAT_LOAD\":0.0,\"HUM_OR\":0,\"HEAT_OR\":0,\"UV_OR\":0,\"OPTIONAL_OR\":0,\"HUM_STATUS\":0,\"HEAT_STATUS\":0,\"UV_STATUS\":0,\"OPTIONAL_STATUS\":0}","method":"POST","path":"publish"}
Relaying message to server
Message relayed to server
---------------------------------------
/DynoCloud/Queue {"headerList":[{"key":"Authorization","value":"Bearer 56me538k6mevqf41tvjqe10nqj"},{"key":"Content-Type","value":"application/json"}],"payload":"{\"dateTime\":\"2016-04-20 21:43:18\",\"centralNodeID\":1,\"userID\":2,\"CLIENTID\":1,\"TEMP\":75.76004,\"RH\":53.239677,\"OPTIONAL_LOAD\":0.0,\"HEAT_LOAD\":0.0,\"HUM_OR\":0,\"HEAT_OR\":0,\"UV_OR\":0,\"OPTIONAL_OR\":0,\"HUM_STATUS\":0,\"HEAT_STATUS\":0,\"UV_STATUS\":0,\"OPTIONAL_STATUS\":0}","method":"POST","path":"publish"}
Relaying message to server
Message relayed to server
---------------------------------------
/DynoCloud/Queue {"headerList":[{"key":"Authorization","value":"Bearer 56me538k6mevqf41tvjqe10nqj"},{"key":"Content-Type","value":"application/json"}],"payload":"{\"dateTime\":\"2016-04-20 21:43:21\",\"centralNodeID\":1,\"userID\":2,\"CLIENTID\":1,\"TEMP\":75.729576,\"RH\":53.17492,\"OPTIONAL_LOAD\":0.0,\"HEAT_LOAD\":0.0,\"HUM_OR\":0,\"HEAT_OR\":0,\"UV_OR\":0,\"OPTIONAL_OR\":0,\"HUM_STATUS\":0,\"HEAT_STATUS\":0,\"UV_STATUS\":0,\"OPTIONAL_STATUS\":0}","method":"POST","path":"publish"}
Relaying message to server
Message relayed to server
---------------------------------------
/DynoCloud/Queue {"headerList":[{"key":"Authorization","value":"Bearer 56me538k6mevqf41tvjqe10nqj"},{"key":"Content-Type","value":"application/json"}],"payload":"{\"dateTime\":\"2016-04-20 21:43:24\",\"centralNodeID\":1,\"userID\":2,\"CLIENTID\":1,\"TEMP\":75.74604,\"RH\":53.207497,\"OPTIONAL_LOAD\":0.0,\"HEAT_LOAD\":0.0,\"HUM_OR\":0,\"HEAT_OR\":0,\"UV_OR\":0,\"OPTIONAL_OR\":0,\"HUM_STATUS\":0,\"HEAT_STATUS\":0,\"UV_STATUS\":0,\"OPTIONAL_STATUS\":0}","method":"POST","path":"publish"}
Relaying message to server
Message relayed to server
---------------------------------------
/DynoCloud/Queue {"headerList":[{"key":"Authorization","value":"Bearer 56me538k6mevqf41tvjqe10nqj"},{"key":"Content-Type","value":"application/json"}],"payload":"{\"dateTime\":\"2016-04-20 21:43:27\",\"centralNodeID\":1,\"userID\":2,\"CLIENTID\":1,\"TEMP\":75.76152,\"RH\":53.219093,\"OPTIONAL_LOAD\":0.0,\"HEAT_LOAD\":0.0,\"HUM_OR\":0,\"HEAT_OR\":0,\"UV_OR\":0,\"OPTIONAL_OR\":0,\"HUM_STATUS\":0,\"HEAT_STATUS\":0,\"UV_STATUS\":0,\"OPTIONAL_STATUS\":0}","method":"POST","path":"publish"}
Relaying message to server
Message relayed to server
---------------------------------------
/DynoCloud/Queue {"headerList":[{"key":"Authorization","value":"Bearer 56me538k6mevqf41tvjqe10nqj"},{"key":"Content-Type","value":"application/json"}],"payload":"{\"dateTime\":\"2016-04-20 21:43:30\",\"centralNodeID\":1,\"userID\":2,\"CLIENTID\":1,\"TEMP\":75.787674,\"RH\":53.300446,\"OPTIONAL_LOAD\":0.0,\"HEAT_LOAD\":0.0,\"HUM_OR\":0,\"HEAT_OR\":0,\"UV_OR\":0,\"OPTIONAL_OR\":0,\"HUM_STATUS\":0,\"HEAT_STATUS\":0,\"UV_STATUS\":0,\"OPTIONAL_STATUS\":0}","method":"POST","path":"publish"}
Relaying message to server
Message relayed to server
---------------------------------------
/DynoCloud/Queue {"headerList":[{"key":"Authorization","value":"Bearer 56me538k6mevqf41tvjqe10nqj"},{"key":"Content-Type","value":"application/json"}],"payload":"{\"dateTime\":\"2016-04-20 21:43:33\",\"centralNodeID\":1,\"userID\":2,\"CLIENTID\":1,\"TEMP\":75.74687,\"RH\":53.36579,\"OPTIONAL_LOAD\":0.0,\"HEAT_LOAD\":0.0,\"HUM_OR\":0,\"HEAT_OR\":0,\"UV_OR\":0,\"OPTIONAL_OR\":0,\"HUM_STATUS\":0,\"HEAT_STATUS\":0,\"UV_STATUS\":0,\"OPTIONAL_STATUS\":0}","method":"POST","path":"publish"}
Relaying message to server
Message relayed to server
---------------------------------------
/DynoCloud/Queue {"headerList":[{"key":"Authorization","value":"Bearer 56me538k6mevqf41tvjqe10nqj"},{"key":"Content-Type","value":"application/json"}],"payload":"{\"dateTime\":\"2016-04-20 21:43:36\",\"centralNodeID\":1,\"userID\":2,\"CLIENTID\":1,\"TEMP\":75.78445,\"RH\":53.34582,\"OPTIONAL_LOAD\":0.0,\"HEAT_LOAD\":0.0,\"HUM_OR\":0,\"HEAT_OR\":0,\"UV_OR\":0,\"OPTIONAL_OR\":0,\"HUM_STATUS\":0,\"HEAT_STATUS\":0,\"UV_STATUS\":0,\"OPTIONAL_STATUS\":0}","method":"POST","path":"publish"}
Relaying message to server
Message relayed to server
---------------------------------------
/DynoCloud/Queue {"headerList":[{"key":"Authorization","value":"Bearer 56me538k6mevqf41tvjqe10nqj"},{"key":"Content-Type","value":"application/json"}],"payload":"{\"dateTime\":\"2016-04-20 21:43:39\",\"centralNodeID\":1,\"userID\":2,\"CLIENTID\":1,\"TEMP\":75.75605,\"RH\":53.226482,\"OPTIONAL_LOAD\":0.0,\"HEAT_LOAD\":0.0,\"HUM_OR\":0,\"HEAT_OR\":0,\"UV_OR\":0,\"OPTIONAL_OR\":0,\"HUM_STATUS\":0,\"HEAT_STATUS\":0,\"UV_STATUS\":0,\"OPTIONAL_STATUS\":0}","method":"POST","path":"publish"}
Relaying message to server
Message relayed to server
---------------------------------------
/DynoCloud/Queue {"headerList":[{"key":"Authorization","value":"Bearer 56me538k6mevqf41tvjqe10nqj"},{"key":"Content-Type","value":"application/json"}],"payload":"{\"dateTime\":\"2016-04-20 21:43:42\",\"centralNodeID\":1,\"userID\":2,\"CLIENTID\":1,\"TEMP\":75.75474,\"RH\":53.32862,\"OPTIONAL_LOAD\":0.0,\"HEAT_LOAD\":0.0,\"HUM_OR\":0,\"HEAT_OR\":0,\"UV_OR\":0,\"OPTIONAL_OR\":0,\"HUM_STATUS\":0,\"HEAT_STATUS\":0,\"UV_STATUS\":0,\"OPTIONAL_STATUS\":0}","method":"POST","path":"publish"}
Relaying message to server
Message relayed to server
---------------------------------------
/DynoCloud/Queue {"headerList":[{"key":"Authorization","value":"Bearer 56me538k6mevqf41tvjqe10nqj"},{"key":"Content-Type","value":"application/json"}],"payload":"{\"dateTime\":\"2016-04-20 21:43:45\",\"centralNodeID\":1,\"userID\":2,\"CLIENTID\":1,\"TEMP\":75.812904,\"RH\":53.244865,\"OPTIONAL_LOAD\":0.0,\"HEAT_LOAD\":0.0,\"HUM_OR\":0,\"HEAT_OR\":0,\"UV_OR\":0,\"OPTIONAL_OR\":0,\"HUM_STATUS\":0,\"HEAT_STATUS\":0,\"UV_STATUS\":0,\"OPTIONAL_STATUS\":0}","method":"POST","path":"publish"}
Relaying message to server
Message relayed to server
---------------------------------------
/DynoCloud/Queue {"headerList":[{"key":"Authorization","value":"Bearer 56me538k6mevqf41tvjqe10nqj"},{"key":"Content-Type","value":"application/json"}],"payload":"{\"dateTime\":\"2016-04-20 21:43:48\",\"centralNodeID\":1,\"userID\":2,\"CLIENTID\":1,\"TEMP\":75.75573,\"RH\":53.26965,\"OPTIONAL_LOAD\":0.0,\"HEAT_LOAD\":0.0,\"HUM_OR\":0,\"HEAT_OR\":0,\"UV_OR\":0,\"OPTIONAL_OR\":0,\"HUM_STATUS\":0,\"HEAT_STATUS\":0,\"UV_STATUS\":0,\"OPTIONAL_STATUS\":0}","method":"POST","path":"publish"}
Relaying message to server
Message relayed to server
---------------------------------------
/DynoCloud/Queue {"headerList":[{"key":"Authorization","value":"Bearer 56me538k6mevqf41tvjqe10nqj"},{"key":"Content-Type","value":"application/json"}],"payload":"{\"dateTime\":\"2016-04-20 21:43:51\",\"centralNodeID\":1,\"userID\":2,\"CLIENTID\":1,\"TEMP\":75.80522,\"RH\":53.186104,\"OPTIONAL_LOAD\":0.0,\"HEAT_LOAD\":0.0,\"HUM_OR\":0,\"HEAT_OR\":0,\"UV_OR\":0,\"OPTIONAL_OR\":0,\"HUM_STATUS\":0,\"HEAT_STATUS\":0,\"UV_STATUS\":0,\"OPTIONAL_STATUS\":0}","method":"POST","path":"publish"}
Relaying message to server
Message relayed to server
---------------------------------------
/DynoCloud/Queue {"headerList":[{"key":"Authorization","value":"Bearer 56me538k6mevqf41tvjqe10nqj"},{"key":"Content-Type","value":"application/json"}],"payload":"{\"dateTime\":\"2016-04-20 21:43:54\",\"centralNodeID\":1,\"userID\":2,\"CLIENTID\":1,\"TEMP\":75.76393,\"RH\":53.26305,\"OPTIONAL_LOAD\":0.0,\"HEAT_LOAD\":0.0,\"HUM_OR\":0,\"HEAT_OR\":0,\"UV_OR\":0,\"OPTIONAL_OR\":0,\"HUM_STATUS\":0,\"HEAT_STATUS\":0,\"UV_STATUS\":0,\"OPTIONAL_STATUS\":0}","method":"POST","path":"publish"}
Relaying message to server
Message relayed to server
---------------------------------------
/DynoCloud/Queue {"headerList":[{"key":"Authorization","value":"Bearer 56me538k6mevqf41tvjqe10nqj"},{"key":"Content-Type","value":"application/json"}],"payload":"{\"dateTime\":\"2016-04-20 21:43:57\",\"centralNodeID\":1,\"userID\":2,\"CLIENTID\":1,\"TEMP\":75.74614,\"RH\":53.23947,\"OPTIONAL_LOAD\":0.0,\"HEAT_LOAD\":0.0,\"HUM_OR\":0,\"HEAT_OR\":0,\"UV_OR\":0,\"OPTIONAL_OR\":0,\"HUM_STATUS\":0,\"HEAT_STATUS\":0,\"UV_STATUS\":0,\"OPTIONAL_STATUS\":0}","method":"POST","path":"publish"}
Relaying message to server
Message relayed to server
---------------------------------------
/DynoCloud/Queue {"headerList":[{"key":"Authorization","value":"Bearer 56me538k6mevqf41tvjqe10nqj"},{"key":"Content-Type","value":"application/json"}],"payload":"{\"dateTime\":\"2016-04-20 21:44:00\",\"centralNodeID\":1,\"userID\":2,\"CLIENTID\":1,\"TEMP\":75.77774,\"RH\":53.176903,\"OPTIONAL_LOAD\":0.0,\"HEAT_LOAD\":0.0,\"HUM_OR\":0,\"HEAT_OR\":0,\"UV_OR\":0,\"OPTIONAL_OR\":0,\"HUM_STATUS\":0,\"HEAT_STATUS\":0,\"UV_STATUS\":0,\"OPTIONAL_STATUS\":0}","method":"POST","path":"publish"}
Relaying message to server
Message relayed to server
---------------------------------------
/DynoCloud/Queue {"headerList":[{"key":"Authorization","value":"Bearer 56me538k6mevqf41tvjqe10nqj"},{"key":"Content-Type","value":"application/json"}],"payload":"{\"dateTime\":\"2016-04-20 21:44:03\",\"centralNodeID\":1,\"userID\":2,\"CLIENTID\":1,\"TEMP\":75.72818,\"RH\":53.123943,\"OPTIONAL_LOAD\":0.0,\"HEAT_LOAD\":0.0,\"HUM_OR\":0,\"HEAT_OR\":0,\"UV_OR\":0,\"OPTIONAL_OR\":0,\"HUM_STATUS\":0,\"HEAT_STATUS\":0,\"UV_STATUS\":0,\"OPTIONAL_STATUS\":0}","method":"POST","path":"publish"}
Relaying message to server
Message relayed to server
---------------------------------------
/DynoCloud/Queue {"headerList":[{"key":"Authorization","value":"Bearer 56me538k6mevqf41tvjqe10nqj"},{"key":"Content-Type","value":"application/json"}],"payload":"{\"dateTime\":\"2016-04-20 21:44:06\",\"centralNodeID\":1,\"userID\":2,\"CLIENTID\":1,\"TEMP\":75.76524,\"RH\":53.071182,\"OPTIONAL_LOAD\":0.0,\"HEAT_LOAD\":0.0,\"HUM_OR\":0,\"HEAT_OR\":0,\"UV_OR\":0,\"OPTIONAL_OR\":0,\"HUM_STATUS\":0,\"HEAT_STATUS\":0,\"UV_STATUS\":0,\"OPTIONAL_STATUS\":0}","method":"POST","path":"publish"}
Relaying message to server
Message relayed to server
---------------------------------------
/DynoCloud/Queue {"headerList":[{"key":"Authorization","value":"Bearer 56me538k6mevqf41tvjqe10nqj"},{"key":"Content-Type","value":"application/json"}],"payload":"{\"dateTime\":\"2016-04-20 21:44:09\",\"centralNodeID\":1,\"userID\":2,\"CLIENTID\":1,\"TEMP\":75.732475,\"RH\":53.027603,\"OPTIONAL_LOAD\":0.0,\"HEAT_LOAD\":0.0,\"HUM_OR\":0,\"HEAT_OR\":0,\"UV_OR\":0,\"OPTIONAL_OR\":0,\"HUM_STATUS\":0,\"HEAT_STATUS\":0,\"UV_STATUS\":0,\"OPTIONAL_STATUS\":0}","method":"POST","path":"publish"}
Relaying message to server
Message relayed to server
---------------------------------------
/DynoCloud/Queue {"headerList":[{"key":"Authorization","value":"Bearer 56me538k6mevqf41tvjqe10nqj"},{"key":"Content-Type","value":"application/json"}],"payload":"{\"dateTime\":\"2016-04-20 21:44:12\",\"centralNodeID\":1,\"userID\":2,\"CLIENTID\":1,\"TEMP\":75.7415,\"RH\":53.02222,\"OPTIONAL_LOAD\":0.0,\"HEAT_LOAD\":0.0,\"HUM_OR\":0,\"HEAT_OR\":0,\"UV_OR\":0,\"OPTIONAL_OR\":0,\"HUM_STATUS\":0,\"HEAT_STATUS\":0,\"UV_STATUS\":0,\"OPTIONAL_STATUS\":0}","method":"POST","path":"publish"}
Relaying message to server
Message relayed to server
---------------------------------------
/DynoCloud/Queue {"headerList":[{"key":"Authorization","value":"Bearer 56me538k6mevqf41tvjqe10nqj"},{"key":"Content-Type","value":"application/json"}],"payload":"{\"dateTime\":\"2016-04-20 21:44:15\",\"centralNodeID\":1,\"userID\":2,\"CLIENTID\":1,\"TEMP\":75.77484,\"RH\":52.98046,\"OPTIONAL_LOAD\":0.0,\"HEAT_LOAD\":0.0,\"HUM_OR\":0,\"HEAT_OR\":0,\"UV_OR\":0,\"OPTIONAL_OR\":0,\"HUM_STATUS\":0,\"HEAT_STATUS\":0,\"UV_STATUS\":0,\"OPTIONAL_STATUS\":0}","method":"POST","path":"publish"}
Relaying message to server
Message relayed to server
---------------------------------------
/DynoCloud/Queue {"headerList":[{"key":"Authorization","value":"Bearer 56me538k6mevqf41tvjqe10nqj"},{"key":"Content-Type","value":"application/json"}],"payload":"{\"dateTime\":\"2016-04-20 21:44:18\",\"centralNodeID\":1,\"userID\":2,\"CLIENTID\":1,\"TEMP\":75.78742,\"RH\":53.01961,\"OPTIONAL_LOAD\":0.0,\"HEAT_LOAD\":0.0,\"HUM_OR\":0,\"HEAT_OR\":0,\"UV_OR\":0,\"OPTIONAL_OR\":0,\"HUM_STATUS\":0,\"HEAT_STATUS\":0,\"UV_STATUS\":0,\"OPTIONAL_STATUS\":0}","method":"POST","path":"publish"}
Relaying message to server
Message relayed to server
---------------------------------------
/DynoCloud/Queue {"headerList":[{"key":"Authorization","value":"Bearer 56me538k6mevqf41tvjqe10nqj"},{"key":"Content-Type","value":"application/json"}],"payload":"{\"dateTime\":\"2016-04-20 21:44:21\",\"centralNodeID\":1,\"userID\":2,\"CLIENTID\":1,\"TEMP\":75.778824,\"RH\":53.071983,\"OPTIONAL_LOAD\":0.0,\"HEAT_LOAD\":0.0,\"HUM_OR\":0,\"HEAT_OR\":0,\"UV_OR\":0,\"OPTIONAL_OR\":0,\"HUM_STATUS\":0,\"HEAT_STATUS\":0,\"UV_STATUS\":0,\"OPTIONAL_STATUS\":0}","method":"POST","path":"publish"}
Relaying message to server
Message relayed to server
---------------------------------------
/DynoCloud/Queue {"headerList":[{"key":"Authorization","value":"Bearer 56me538k6mevqf41tvjqe10nqj"},{"key":"Content-Type","value":"application/json"}],"payload":"{\"dateTime\":\"2016-04-20 21:44:24\",\"centralNodeID\":1,\"userID\":2,\"CLIENTID\":1,\"TEMP\":75.74746,\"RH\":53.064976,\"OPTIONAL_LOAD\":0.0,\"HEAT_LOAD\":0.0,\"HUM_OR\":0,\"HEAT_OR\":0,\"UV_OR\":0,\"OPTIONAL_OR\":0,\"HUM_STATUS\":0,\"HEAT_STATUS\":0,\"UV_STATUS\":0,\"OPTIONAL_STATUS\":0}","method":"POST","path":"publish"}
Relaying message to server
Message relayed to server
---------------------------------------
/DynoCloud/Queue {"headerList":[{"key":"Authorization","value":"Bearer 56me538k6mevqf41tvjqe10nqj"},{"key":"Content-Type","value":"application/json"}],"payload":"{\"dateTime\":\"2016-04-20 21:44:27\",\"centralNodeID\":1,\"userID\":2,\"CLIENTID\":1,\"TEMP\":75.748276,\"RH\":53.01763,\"OPTIONAL_LOAD\":0.0,\"HEAT_LOAD\":0.0,\"HUM_OR\":0,\"HEAT_OR\":0,\"UV_OR\":0,\"OPTIONAL_OR\":0,\"HUM_STATUS\":0,\"HEAT_STATUS\":0,\"UV_STATUS\":0,\"OPTIONAL_STATUS\":0}","method":"POST","path":"publish"}
Relaying message to server
Message relayed to server
---------------------------------------
/DynoCloud/Queue {"headerList":[{"key":"Authorization","value":"Bearer 56me538k6mevqf41tvjqe10nqj"},{"key":"Content-Type","value":"application/json"}],"payload":"{\"dateTime\":\"2016-04-20 21:44:30\",\"centralNodeID\":1,\"userID\":2,\"CLIENTID\":1,\"TEMP\":75.77443,\"RH\":53.121746,\"OPTIONAL_LOAD\":0.0,\"HEAT_LOAD\":0.0,\"HUM_OR\":0,\"HEAT_OR\":0,\"UV_OR\":0,\"OPTIONAL_OR\":0,\"HUM_STATUS\":0,\"HEAT_STATUS\":0,\"UV_STATUS\":0,\"OPTIONAL_STATUS\":0}","method":"POST","path":"publish"}
Relaying message to server
Message relayed to server
---------------------------------------
/DynoCloud/Queue {"headerList":[{"key":"Authorization","value":"Bearer 56me538k6mevqf41tvjqe10nqj"},{"key":"Content-Type","value":"application/json"}],"payload":"{\"dateTime\":\"2016-04-20 21:44:33\",\"centralNodeID\":1,\"userID\":2,\"CLIENTID\":1,\"TEMP\":75.78503,\"RH\":53.12555,\"OPTIONAL_LOAD\":0.0,\"HEAT_LOAD\":0.0,\"HUM_OR\":0,\"HEAT_OR\":0,\"UV_OR\":0,\"OPTIONAL_OR\":0,\"HUM_STATUS\":0,\"HEAT_STATUS\":0,\"UV_STATUS\":0,\"OPTIONAL_STATUS\":0}","method":"POST","path":"publish"}
Relaying message to server
Message relayed to server
---------------------------------------
/DynoCloud/Queue {"headerList":[{"key":"Authorization","value":"Bearer 56me538k6mevqf41tvjqe10nqj"},{"key":"Content-Type","value":"application/json"}],"payload":"{\"dateTime\":\"2016-04-20 21:44:36\",\"centralNodeID\":1,\"userID\":2,\"CLIENTID\":1,\"TEMP\":75.77965,\"RH\":52.910503,\"OPTIONAL_LOAD\":0.0,\"HEAT_LOAD\":0.0,\"HUM_OR\":0,\"HEAT_OR\":0,\"UV_OR\":0,\"OPTIONAL_OR\":0,\"HUM_STATUS\":0,\"HEAT_STATUS\":0,\"UV_STATUS\":0,\"OPTIONAL_STATUS\":0}","method":"POST","path":"publish"}
Relaying message to server
Message relayed to server
---------------------------------------
/DynoCloud/Queue {"headerList":[{"key":"Authorization","value":"Bearer 56me538k6mevqf41tvjqe10nqj"},{"key":"Content-Type","value":"application/json"}],"payload":"{\"dateTime\":\"2016-04-20 21:44:39\",\"centralNodeID\":1,\"userID\":2,\"CLIENTID\":1,\"TEMP\":75.728584,\"RH\":52.885338,\"OPTIONAL_LOAD\":0.0,\"HEAT_LOAD\":0.0,\"HUM_OR\":0,\"HEAT_OR\":0,\"UV_OR\":0,\"OPTIONAL_OR\":0,\"HUM_STATUS\":0,\"HEAT_STATUS\":0,\"UV_STATUS\":0,\"OPTIONAL_STATUS\":0}","method":"POST","path":"publish"}
Relaying message to server
Message relayed to server
---------------------------------------
/DynoCloud/Queue {"headerList":[{"key":"Authorization","value":"Bearer 56me538k6mevqf41tvjqe10nqj"},{"key":"Content-Type","value":"application/json"}],"payload":"{\"dateTime\":\"2016-04-20 21:44:42\",\"centralNodeID\":1,\"userID\":2,\"CLIENTID\":1,\"TEMP\":75.76633,\"RH\":52.803383,\"OPTIONAL_LOAD\":0.0,\"HEAT_LOAD\":0.0,\"HUM_OR\":0,\"HEAT_OR\":0,\"UV_OR\":0,\"OPTIONAL_OR\":0,\"HUM_STATUS\":0,\"HEAT_STATUS\":0,\"UV_STATUS\":0,\"OPTIONAL_STATUS\":0}","method":"POST","path":"publish"}
Relaying message to server
Message relayed to server
---------------------------------------
/DynoCloud/Queue {"headerList":[{"key":"Authorization","value":"Bearer 56me538k6mevqf41tvjqe10nqj"},{"key":"Content-Type","value":"application/json"}],"payload":"{\"dateTime\":\"2016-04-20 21:44:45\",\"centralNodeID\":1,\"userID\":2,\"CLIENTID\":1,\"TEMP\":75.77261,\"RH\":52.900497,\"OPTIONAL_LOAD\":0.0,\"HEAT_LOAD\":0.0,\"HUM_OR\":0,\"HEAT_OR\":0,\"UV_OR\":0,\"OPTIONAL_OR\":0,\"HUM_STATUS\":0,\"HEAT_STATUS\":0,\"UV_STATUS\":0,\"OPTIONAL_STATUS\":0}","method":"POST","path":"publish"}
Relaying message to server
Message relayed to server
---------------------------------------
/DynoCloud/Queue {"headerList":[{"key":"Authorization","value":"Bearer 56me538k6mevqf41tvjqe10nqj"},{"key":"Content-Type","value":"application/json"}],"payload":"{\"dateTime\":\"2016-04-20 21:44:48\",\"centralNodeID\":1,\"userID\":2,\"CLIENTID\":1,\"TEMP\":75.736374,\"RH\":52.957867,\"OPTIONAL_LOAD\":0.0,\"HEAT_LOAD\":0.0,\"HUM_OR\":0,\"HEAT_OR\":0,\"UV_OR\":0,\"OPTIONAL_OR\":0,\"HUM_STATUS\":0,\"HEAT_STATUS\":0,\"UV_STATUS\":0,\"OPTIONAL_STATUS\":0}","method":"POST","path":"publish"}
Relaying message to server
Message relayed to server
---------------------------------------
/DynoCloud/Queue {"headerList":[{"key":"Authorization","value":"Bearer 56me538k6mevqf41tvjqe10nqj"},{"key":"Content-Type","value":"application/json"}],"payload":"{\"dateTime\":\"2016-04-20 21:44:51\",\"centralNodeID\":1,\"userID\":2,\"CLIENTID\":1,\"TEMP\":75.790565,\"RH\":52.97385,\"OPTIONAL_LOAD\":0.0,\"HEAT_LOAD\":0.0,\"HUM_OR\":0,\"HEAT_OR\":0,\"UV_OR\":0,\"OPTIONAL_OR\":0,\"HUM_STATUS\":0,\"HEAT_STATUS\":0,\"UV_STATUS\":0,\"OPTIONAL_STATUS\":0}","method":"POST","path":"publish"}
Relaying message to server
Message relayed to server
---------------------------------------
MQTT host: 192.168.0.199
Server MQTT host: dynocare.xyz
MQTT host: 192.168.0.199
Server MQTT host: dynocare.xyz
MQTT host: 192.168.0.199
Server MQTT host: dynocare.xyz
MQTT host: 192.168.0.199
Server MQTT host: dynocare.xyz
MQTT host: 192.168.0.199
Server MQTT host: dynocare.xyz
