0 info it worked if it ends with ok
1 verbose cli [ '/usr/local/bin/node',
1 verbose cli   '/usr/local/bin/npm',
1 verbose cli   'install',
1 verbose cli   '-S',
1 verbose cli   'Darwin' ]
2 info using npm@2.15.0
3 info using node@v4.4.2
4 verbose install initial load of /Users/Keysha_Minel/Desktop/DynoCloud/User_Interface/js/package.json
5 verbose installManyTop reading scoped package data from /Users/Keysha_Minel/Desktop/DynoCloud/User_Interface/js/node_modules/babel-core/package.json
6 verbose installManyTop reading scoped package data from /Users/Keysha_Minel/Desktop/DynoCloud/User_Interface/js/node_modules/babel-loader/package.json
7 verbose installManyTop reading scoped package data from /Users/Keysha_Minel/Desktop/DynoCloud/User_Interface/js/node_modules/babel-plugin-check-es2015-constants/package.json
8 verbose installManyTop reading scoped package data from /Users/Keysha_Minel/Desktop/DynoCloud/User_Interface/js/node_modules/babel-plugin-transform-es2015-arrow-functions/package.json
9 verbose installManyTop reading scoped package data from /Users/Keysha_Minel/Desktop/DynoCloud/User_Interface/js/node_modules/babel-plugin-transform-es2015-block-scoping/package.json
10 verbose installManyTop reading scoped package data from /Users/Keysha_Minel/Desktop/DynoCloud/User_Interface/js/node_modules/babel-preset-es2015/package.json
11 verbose installManyTop reading scoped package data from /Users/Keysha_Minel/Desktop/DynoCloud/User_Interface/js/node_modules/babel-preset-react/package.json
12 verbose installManyTop reading scoped package data from /Users/Keysha_Minel/Desktop/DynoCloud/User_Interface/js/node_modules/bootstrap/package.json
13 verbose installManyTop reading scoped package data from /Users/Keysha_Minel/Desktop/DynoCloud/User_Interface/js/node_modules/bootstrap-webpack/package.json
14 verbose installManyTop reading scoped package data from /Users/Keysha_Minel/Desktop/DynoCloud/User_Interface/js/node_modules/classnames/package.json
15 verbose installManyTop reading scoped package data from /Users/Keysha_Minel/Desktop/DynoCloud/User_Interface/js/node_modules/css-loader/package.json
16 verbose installManyTop reading scoped package data from /Users/Keysha_Minel/Desktop/DynoCloud/User_Interface/js/node_modules/exports-loader/package.json
17 verbose installManyTop reading scoped package data from /Users/Keysha_Minel/Desktop/DynoCloud/User_Interface/js/node_modules/extract-text-webpack-plugin/package.json
18 verbose installManyTop reading scoped package data from /Users/Keysha_Minel/Desktop/DynoCloud/User_Interface/js/node_modules/file-loader/package.json
19 verbose installManyTop reading scoped package data from /Users/Keysha_Minel/Desktop/DynoCloud/User_Interface/js/node_modules/imports-loader/package.json
20 verbose installManyTop reading scoped package data from /Users/Keysha_Minel/Desktop/DynoCloud/User_Interface/js/node_modules/jquery/package.json
21 verbose installManyTop reading scoped package data from /Users/Keysha_Minel/Desktop/DynoCloud/User_Interface/js/node_modules/json/package.json
22 verbose installManyTop reading scoped package data from /Users/Keysha_Minel/Desktop/DynoCloud/User_Interface/js/node_modules/json-loader/package.json
23 verbose installManyTop reading scoped package data from /Users/Keysha_Minel/Desktop/DynoCloud/User_Interface/js/node_modules/jsonfile/package.json
24 verbose installManyTop reading scoped package data from /Users/Keysha_Minel/Desktop/DynoCloud/User_Interface/js/node_modules/jsx/package.json
25 verbose installManyTop reading scoped package data from /Users/Keysha_Minel/Desktop/DynoCloud/User_Interface/js/node_modules/less/package.json
26 verbose installManyTop reading scoped package data from /Users/Keysha_Minel/Desktop/DynoCloud/User_Interface/js/node_modules/less-loader/package.json
27 verbose installManyTop reading scoped package data from /Users/Keysha_Minel/Desktop/DynoCloud/User_Interface/js/node_modules/lodash/package.json
28 verbose installManyTop reading scoped package data from /Users/Keysha_Minel/Desktop/DynoCloud/User_Interface/js/node_modules/react/package.json
29 verbose installManyTop reading scoped package data from /Users/Keysha_Minel/Desktop/DynoCloud/User_Interface/js/node_modules/react-addons/package.json
30 verbose installManyTop reading scoped package data from /Users/Keysha_Minel/Desktop/DynoCloud/User_Interface/js/node_modules/react-addons-update/package.json
31 verbose installManyTop reading scoped package data from /Users/Keysha_Minel/Desktop/DynoCloud/User_Interface/js/node_modules/react-classset/package.json
32 verbose installManyTop reading scoped package data from /Users/Keysha_Minel/Desktop/DynoCloud/User_Interface/js/node_modules/react-dom/package.json
33 verbose installManyTop reading scoped package data from /Users/Keysha_Minel/Desktop/DynoCloud/User_Interface/js/node_modules/react-json/package.json
34 verbose installManyTop reading scoped package data from /Users/Keysha_Minel/Desktop/DynoCloud/User_Interface/js/node_modules/react-router/package.json
35 verbose installManyTop reading scoped package data from /Users/Keysha_Minel/Desktop/DynoCloud/User_Interface/js/node_modules/style-loader/package.json
36 verbose installManyTop reading scoped package data from /Users/Keysha_Minel/Desktop/DynoCloud/User_Interface/js/node_modules/underscore/package.json
37 verbose installManyTop reading scoped package data from /Users/Keysha_Minel/Desktop/DynoCloud/User_Interface/js/node_modules/url-loader/package.json
38 verbose installManyTop reading scoped package data from /Users/Keysha_Minel/Desktop/DynoCloud/User_Interface/js/node_modules/webpack/package.json
39 info package.json json@9.0.3 No license field.
40 info package.json react-addons@0.9.1-deprecated No license field.
41 info package.json bootstrap-webpack@0.0.5 No license field.
42 info package.json exports-loader@0.6.3 No license field.
43 info package.json less-loader@2.2.3 No license field.
44 info package.json react-classset@0.0.2 license should be a valid SPDX license expression
45 verbose readDependencies loading dependencies from /Users/Keysha_Minel/Desktop/DynoCloud/User_Interface/js/package.json
46 silly cache add args [ 'Darwin', null ]
47 verbose cache add spec Darwin
48 silly cache add parsed spec Result {
48 silly cache add   raw: 'Darwin',
48 silly cache add   scope: null,
48 silly cache add   name: 'Darwin',
48 silly cache add   rawSpec: '',
48 silly cache add   spec: 'latest',
48 silly cache add   type: 'tag' }
49 silly addNamed Darwin@latest
50 verbose addNamed "latest" is being treated as a dist-tag for Darwin
51 info addNameTag [ 'Darwin', 'latest' ]
52 silly mapToRegistry name Darwin
53 silly mapToRegistry using default registry
54 silly mapToRegistry registry https://registry.npmjs.org/
55 silly mapToRegistry data Result {
55 silly mapToRegistry   raw: 'Darwin',
55 silly mapToRegistry   scope: null,
55 silly mapToRegistry   name: 'Darwin',
55 silly mapToRegistry   rawSpec: '',
55 silly mapToRegistry   spec: 'latest',
55 silly mapToRegistry   type: 'tag' }
56 silly mapToRegistry uri https://registry.npmjs.org/Darwin
57 verbose addNameTag registry:https://registry.npmjs.org/Darwin not in flight; fetching
58 verbose request uri https://registry.npmjs.org/Darwin
59 verbose request no auth needed
60 info attempt registry request try #1 at 9:30:27 PM
61 verbose request id f4d846343dd154c5
62 http request GET https://registry.npmjs.org/Darwin
63 http 404 https://registry.npmjs.org/Darwin
64 verbose headers { 'content-type': 'application/json',
64 verbose headers   'cache-control': 'max-age=0',
64 verbose headers   'content-length': '2',
64 verbose headers   'accept-ranges': 'bytes',
64 verbose headers   date: 'Tue, 12 Apr 2016 01:30:27 GMT',
64 verbose headers   via: '1.1 varnish',
64 verbose headers   age: '0',
64 verbose headers   connection: 'keep-alive',
64 verbose headers   'x-served-by': 'cache-atl6241-ATL',
64 verbose headers   'x-cache': 'MISS',
64 verbose headers   'x-cache-hits': '0',
64 verbose headers   'x-timer': 'S1460424627.409154,VS0,VE35',
64 verbose headers   vary: 'Accept-Encoding' }
65 silly get cb [ 404,
65 silly get   { 'content-type': 'application/json',
65 silly get     'cache-control': 'max-age=0',
65 silly get     'content-length': '2',
65 silly get     'accept-ranges': 'bytes',
65 silly get     date: 'Tue, 12 Apr 2016 01:30:27 GMT',
65 silly get     via: '1.1 varnish',
65 silly get     age: '0',
65 silly get     connection: 'keep-alive',
65 silly get     'x-served-by': 'cache-atl6241-ATL',
65 silly get     'x-cache': 'MISS',
65 silly get     'x-cache-hits': '0',
65 silly get     'x-timer': 'S1460424627.409154,VS0,VE35',
65 silly get     vary: 'Accept-Encoding' } ]
66 verbose stack Error: Registry returned 404 for GET on https://registry.npmjs.org/Darwin
66 verbose stack     at makeError (/usr/local/lib/node_modules/npm/node_modules/npm-registry-client/lib/request.js:264:12)
66 verbose stack     at CachingRegistryClient.<anonymous> (/usr/local/lib/node_modules/npm/node_modules/npm-registry-client/lib/request.js:242:14)
66 verbose stack     at Request._callback (/usr/local/lib/node_modules/npm/node_modules/npm-registry-client/lib/request.js:172:14)
66 verbose stack     at Request.self.callback (/usr/local/lib/node_modules/npm/node_modules/request/request.js:199:22)
66 verbose stack     at emitTwo (events.js:87:13)
66 verbose stack     at Request.emit (events.js:172:7)
66 verbose stack     at Request.<anonymous> (/usr/local/lib/node_modules/npm/node_modules/request/request.js:1036:10)
66 verbose stack     at emitOne (events.js:82:20)
66 verbose stack     at Request.emit (events.js:169:7)
66 verbose stack     at IncomingMessage.<anonymous> (/usr/local/lib/node_modules/npm/node_modules/request/request.js:963:12)
67 verbose statusCode 404
68 verbose pkgid Darwin
69 verbose cwd /Users/Keysha_Minel/Desktop/DynoCloud/User_Interface/js
70 error Darwin 14.5.0
71 error argv "/usr/local/bin/node" "/usr/local/bin/npm" "install" "-S" "Darwin"
72 error node v4.4.2
73 error npm  v2.15.0
74 error code E404
75 error 404 Registry returned 404 for GET on https://registry.npmjs.org/Darwin
75 error 404
75 error 404 'Darwin' is not in the npm registry.
75 error 404 Your package name is not valid, because
75 error 404
75 error 404  1. name can no longer contain capital letters
75 error 404
75 error 404 Note that you can also install from a
75 error 404 tarball, folder, http url, or git url.
76 verbose exit [ 1, true ]
